Using pre-set license
Built from '2021.2/staging' branch; Version is '2021.2.8f1 (d0e5f0a7b06a) revision 13690352'; Using compiler version '192829333'; Build Type 'Release'
OS: 'Windows 10  (10.0.19042) 64bit Core' Language: 'en' Physical Memory: 32585 MB
BatchMode: 1, IsHumanControllingUs: 0, StartBugReporterOnCrash: 0, Is64bit: 1, IsPro: 0

COMMAND LINE ARGUMENTS:
C:\Program Files\Unity\Hub\Editor\2021.2.8f1\Editor\Unity.exe
-adb2
-batchMode
-noUpm
-name
AssetImportWorker0
-projectPath
C:/Users/marco/FILES/Projects/Personal/VR/Metaverse Adverts/u_MetaverseAdverts/MetaverseAdverts
-logFile
Logs/AssetImportWorker0.log
-srvPort
50056
Successfully changed project path to: C:/Users/marco/FILES/Projects/Personal/VR/Metaverse Adverts/u_MetaverseAdverts/MetaverseAdverts
C:/Users/marco/FILES/Projects/Personal/VR/Metaverse Adverts/u_MetaverseAdverts/MetaverseAdverts
[UnityMemory] Configuration Parameters - Can be set up in boot.config
    "memorysetup-bucket-allocator-granularity=16"
    "memorysetup-bucket-allocator-bucket-count=8"
    "memorysetup-bucket-allocator-block-size=33554432"
    "memorysetup-bucket-allocator-block-count=8"
    "memorysetup-main-allocator-block-size=16777216"
    "memorysetup-thread-allocator-block-size=16777216"
    "memorysetup-gfx-main-allocator-block-size=16777216"
    "memorysetup-gfx-thread-allocator-block-size=16777216"
    "memorysetup-cache-allocator-block-size=4194304"
    "memorysetup-typetree-allocator-block-size=2097152"
    "memorysetup-profiler-bucket-allocator-granularity=16"
    "memorysetup-profiler-bucket-allocator-bucket-count=8"
    "memorysetup-profiler-bucket-allocator-block-size=33554432"
    "memorysetup-profiler-bucket-allocator-block-count=8"
    "memorysetup-profiler-allocator-block-size=16777216"
    "memorysetup-profiler-editor-allocator-block-size=1048576"
    "memorysetup-temp-allocator-size-main=16777216"
    "memorysetup-job-temp-allocator-block-size=2097152"
    "memorysetup-job-temp-allocator-block-size-background=1048576"
    "memorysetup-job-temp-allocator-reduction-small-platforms=262144"
    "memorysetup-temp-allocator-size-background-worker=32768"
    "memorysetup-temp-allocator-size-job-worker=262144"
    "memorysetup-temp-allocator-size-preload-manager=33554432"
    "memorysetup-temp-allocator-size-nav-mesh-worker=65536"
    "memorysetup-temp-allocator-size-audio-worker=65536"
    "memorysetup-temp-allocator-size-cloud-worker=32768"
    "memorysetup-temp-allocator-size-gi-baking-worker=262144"
    "memorysetup-temp-allocator-size-gfx=262144"
Refreshing native plugins compatible for Editor in 254.90 ms, found 11 plugins.
Preloading 0 native plugins for Editor in 0.00 ms.
Initialize engine version: 2021.2.8f1 (d0e5f0a7b06a)
[Subsystems] Discovering subsystems at path C:/Program Files/Unity/Hub/Editor/2021.2.8f1/Editor/Data/Resources/UnitySubsystems
[Subsystems] Discovering subsystems at path C:/Users/marco/FILES/Projects/Personal/VR/Metaverse Adverts/u_MetaverseAdverts/MetaverseAdverts/Assets
GfxDevice: creating device client; threaded=0; jobified=0
Direct3D:
    Version:  Direct3D 11.0 [level 11.1]
    Renderer: NVIDIA GeForce RTX 2060 (ID=0x1f15)
    Vendor:   NVIDIA
    VRAM:     5980 MB
    Driver:   27.21.14.6089
Initialize mono
Mono path[0] = 'C:/Program Files/Unity/Hub/Editor/2021.2.8f1/Editor/Data/Managed'
Mono path[1] = 'C:/Program Files/Unity/Hub/Editor/2021.2.8f1/Editor/Data/MonoBleedingEdge/lib/mono/unityjit-win32'
Mono config path = 'C:/Program Files/Unity/Hub/Editor/2021.2.8f1/Editor/Data/MonoBleedingEdge/etc'
Using monoOptions --debugger-agent=transport=dt_socket,embedding=1,server=y,suspend=n,address=127.0.0.1:56200
Begin MonoManager ReloadAssembly
Registering precompiled unity dll's ...
Register platform support module: C:/Program Files/Unity/Hub/Editor/2021.2.8f1/Editor/Data/PlaybackEngines/WindowsStandaloneSupport/UnityEditor.WindowsStandalone.Extensions.dll
Registered in 0.011595 seconds.
Native extension for WindowsStandalone target not found
Refreshing native plugins compatible for Editor in 184.88 ms, found 11 plugins.
Preloading 0 native plugins for Editor in 0.00 ms.
Mono: successfully reloaded assembly
- Completed reload, in  1.039 seconds
Domain Reload Profiling:
	ReloadAssembly (1039ms)
		BeginReloadAssembly (108ms)
			ExecutionOrderSort (0ms)
			DisableScriptedObjects (0ms)
			BackupInstance (0ms)
			ReleaseScriptingObjects (0ms)
			CreateAndSetChildDomain (1ms)
		EndReloadAssembly (786ms)
			LoadAssemblies (103ms)
			RebuildTransferFunctionScriptingTraits (0ms)
			SetupTypeCache (180ms)
			ReleaseScriptCaches (0ms)
			RebuildScriptCaches (41ms)
			SetupLoadedEditorAssemblies (477ms)
				LogAssemblyErrors (0ms)
				InitializePlatformSupportModulesInManaged (22ms)
				SetLoadedEditorAssemblies (0ms)
				RefreshPlugins (185ms)
				BeforeProcessingInitializeOnLoad (1ms)
				ProcessInitializeOnLoadAttributes (205ms)
				ProcessInitializeOnLoadMethodAttributes (63ms)
				AfterProcessingInitializeOnLoad (0ms)
				EditorAssembliesLoaded (0ms)
			ExecutionOrderSort2 (0ms)
			AwakeInstancesAfterBackupRestoration (0ms)
Platform modules already initialized, skipping
Registering precompiled user dll's ...
Registered in 0.017037 seconds.
Begin MonoManager ReloadAssembly
Symbol file LoadedFromMemory doesn't match image C:\Users\marco\FILES\Projects\Personal\VR\Metaverse Adverts\u_MetaverseAdverts\MetaverseAdverts\Library\PackageCache\com.unity.visualscripting@1.7.6\Editor\VisualScripting.Core\Dependencies\DotNetZip\Unity.VisualScripting.IonicZip.dll
Symbol file LoadedFromMemory doesn't match image C:\Users\marco\FILES\Projects\Personal\VR\Metaverse Adverts\u_MetaverseAdverts\MetaverseAdverts\Library\PackageCache\com.unity.visualscripting@1.7.6\Editor\VisualScripting.Core\Dependencies\YamlDotNet\Unity.VisualScripting.YamlDotNet.dll
Native extension for WindowsStandalone target not found
Refreshing native plugins compatible for Editor in 202.72 ms, found 11 plugins.
Preloading 0 native plugins for Editor in 0.00 ms.
Package Manager log level set to [2]
Mono: successfully reloaded assembly
- Completed reload, in  3.227 seconds
Domain Reload Profiling:
	ReloadAssembly (3228ms)
		BeginReloadAssembly (175ms)
			ExecutionOrderSort (0ms)
			DisableScriptedObjects (7ms)
			BackupInstance (0ms)
			ReleaseScriptingObjects (0ms)
			CreateAndSetChildDomain (40ms)
		EndReloadAssembly (2903ms)
			LoadAssemblies (151ms)
			RebuildTransferFunctionScriptingTraits (0ms)
			SetupTypeCache (555ms)
			ReleaseScriptCaches (2ms)
			RebuildScriptCaches (170ms)
			SetupLoadedEditorAssemblies (1938ms)
				LogAssemblyErrors (0ms)
				InitializePlatformSupportModulesInManaged (16ms)
				SetLoadedEditorAssemblies (0ms)
				RefreshPlugins (203ms)
				BeforeProcessingInitializeOnLoad (227ms)
				ProcessInitializeOnLoadAttributes (1365ms)
				ProcessInitializeOnLoadMethodAttributes (117ms)
				AfterProcessingInitializeOnLoad (11ms)
				EditorAssembliesLoaded (0ms)
			ExecutionOrderSort2 (0ms)
			AwakeInstancesAfterBackupRestoration (10ms)
Platform modules already initialized, skipping
========================================================================
Worker process is ready to serve import requests
Launched and connected shader compiler UnityShaderCompiler.exe after 0.06 seconds
Refreshing native plugins compatible for Editor in 4.77 ms, found 11 plugins.
Preloading 0 native plugins for Editor in 0.00 ms.
Unloading 7029 Unused Serialized files (Serialized files now loaded: 0)
Unloading 59 unused Assets / (1.2 MB). Loaded Objects now: 7477.
Memory consumption went from 297.1 MB to 295.9 MB.
Total: 9.285600 ms (FindLiveObjects: 1.462300 ms CreateObjectMapping: 2.262700 ms MarkObjects: 5.155300 ms  DeleteObjects: 0.402800 ms)

AssetImportParameters requested are different than current active one (requested -> active):
  custom:video-decoder-ogg-theora: a1e56fd34408186e4bbccfd4996cb3dc -> 
  custom:container-muxer-webm: aa71ff27fc2769a1b78a27578f13a17b -> 
  custom:container-demuxer-webm: 4f35f7cbe854078d1ac9338744f61a02 -> 
  custom:video-encoder-webm-vp8: eb34c28f22e8b96e1ab97ce403110664 -> 
  custom:audio-encoder-webm-vorbis: bf7c407c2cedff20999df2af8eb42d56 -> 
  custom:framework-win-MediaFoundation: 216162199b28c13a410421893ffa2e32 -> 
  custom:container-demuxer-ogg: 62fdf1f143b41e24485cea50d1cbac27 -> 
  custom:video-decoder-webm-vp8: 9c59270c3fd7afecdb556c50c9e8de78 -> 
  custom:audio-decoder-ogg-vorbis: bf7c407c2cedff20999df2af8eb42d56 -> 
========================================================================
Received Import Request.
  Time since last request: 560653.042930 seconds.
  path: Assets/VFX/Recticle.vfx
  artifactKey: Guid(8c67de1510e79d5478f712a5acd6fc29) Importer(815301076,1909f56bfc062723c751e8b465ee728b)
Start importing Assets/VFX/Recticle.vfx using Guid(8c67de1510e79d5478f712a5acd6fc29) Importer(815301076,1909f56bfc062723c751e8b465ee728b) Attempting to get Camera relative temporary RenderTexture (width || height <= 0) via a CommandBuffer  in a Sriptable Render Pipeline.
UnityEngine.StackTraceUtility:ExtractStackTrace ()
UnityEngine.Rendering.ScriptableRenderContext:ExecuteCommandBuffer_Internal (UnityEngine.Rendering.CommandBuffer)
UnityEngine.Rendering.ScriptableRenderContext:ExecuteCommandBuffer (UnityEngine.Rendering.CommandBuffer)
UnityEngine.Rendering.Universal.Internal.CopyColorPass:Execute (UnityEngine.Rendering.ScriptableRenderContext,UnityEngine.Rendering.Universal.RenderingData&) (at Library/PackageCache/com.unity.render-pipelines.universal@12.1.3/Runtime/Passes/CopyColorPass.cs:111)
UnityEngine.Rendering.Universal.ScriptableRenderer:ExecuteRenderPass (UnityEngine.Rendering.ScriptableRenderContext,UnityEngine.Rendering.Universal.ScriptableRenderPass,UnityEngine.Rendering.Universal.RenderingData&) (at Library/PackageCache/com.unity.render-pipelines.universal@12.1.3/Runtime/ScriptableRenderer.cs:966)
UnityEngine.Rendering.Universal.ScriptableRenderer:ExecuteBlock (int,UnityEngine.Rendering.Universal.ScriptableRenderer/RenderBlocks&,UnityEngine.Rendering.ScriptableRenderContext,UnityEngine.Rendering.Universal.RenderingData&,bool) (at Library/PackageCache/com.unity.render-pipelines.universal@12.1.3/Runtime/ScriptableRenderer.cs:925)
UnityEngine.Rendering.Universal.ScriptableRenderer:Execute (UnityEngine.Rendering.ScriptableRenderContext,UnityEngine.Rendering.Universal.RenderingData&) (at Library/PackageCache/com.unity.render-pipelines.universal@12.1.3/Runtime/ScriptableRenderer.cs:729)
UnityEngine.Rendering.Universal.UniversalRenderPipeline:RenderSingleCamera (UnityEngine.Rendering.ScriptableRenderContext,UnityEngine.Rendering.Universal.CameraData,bool) (at Library/PackageCache/com.unity.render-pipelines.universal@12.1.3/Runtime/UniversalRenderPipeline.cs:414)
UnityEngine.Rendering.Universal.UniversalRenderPipeline:RenderSingleCamera (UnityEngine.Rendering.ScriptableRenderContext,UnityEngine.Camera) (at Library/PackageCache/com.unity.render-pipelines.universal@12.1.3/Runtime/UniversalRenderPipeline.cs:323)
UnityEngine.Rendering.Universal.UniversalRenderPipeline:Render (UnityEngine.Rendering.ScriptableRenderContext,System.Collections.Generic.List`1<UnityEngine.Camera>) (at Library/PackageCache/com.unity.render-pipelines.universal@12.1.3/Runtime/UniversalRenderPipeline.cs:278)
UnityEngine.Rendering.RenderPipeline:InternalRender (UnityEngine.Rendering.ScriptableRenderContext,System.Collections.Generic.List`1<UnityEngine.Camera>)
UnityEngine.Rendering.RenderPipelineManager:DoRenderLoop_Internal (UnityEngine.Rendering.RenderPipelineAsset,intptr,System.Collections.Generic.List`1<UnityEngine.Camera/RenderRequest>,Unity.Collections.LowLevel.Unsafe.AtomicSafetyHandle)
UnityEditor.PreviewRenderUtility:Render (bool,bool)
UnityEditor.MaterialEditor:DoRenderPreview (UnityEditor.PreviewRenderUtility,bool)
UnityEditor.MaterialEditor:RenderStaticPreview (string,UnityEngine.Object[],int,int)
UnityEditor.AssetPreviewUpdater:CreatePreview (UnityEngine.Object,UnityEngine.Object[],string,int,int)
UnityEditor.AssetPreviewUpdater:CreatePreviewForAsset (UnityEngine.Object,UnityEngine.Object[],string)

[ line 0]

Trying to get RenderBuffer with invalid antiAliasing (must be at least 1)
UnityEngine.StackTraceUtility:ExtractStackTrace ()
UnityEngine.Rendering.ScriptableRenderContext:Submit_Internal ()
UnityEngine.Rendering.ScriptableRenderContext:Submit ()
UnityEngine.Rendering.Universal.UniversalRenderPipeline:RenderSingleCamera (UnityEngine.Rendering.ScriptableRenderContext,UnityEngine.Rendering.Universal.CameraData,bool) (at Library/PackageCache/com.unity.render-pipelines.universal@12.1.3/Runtime/UniversalRenderPipeline.cs:430)
UnityEngine.Rendering.Universal.UniversalRenderPipeline:RenderSingleCamera (UnityEngine.Rendering.ScriptableRenderContext,UnityEngine.Camera) (at Library/PackageCache/com.unity.render-pipelines.universal@12.1.3/Runtime/UniversalRenderPipeline.cs:323)
UnityEngine.Rendering.Universal.UniversalRenderPipeline:Render (UnityEngine.Rendering.ScriptableRenderContext,System.Collections.Generic.List`1<UnityEngine.Camera>) (at Library/PackageCache/com.unity.render-pipelines.universal@12.1.3/Runtime/UniversalRenderPipeline.cs:278)
UnityEngine.Rendering.RenderPipeline:InternalRender (UnityEngine.Rendering.ScriptableRenderContext,System.Collections.Generic.List`1<UnityEngine.Camera>)
UnityEngine.Rendering.RenderPipelineManager:DoRenderLoop_Internal (UnityEngine.Rendering.RenderPipelineAsset,intptr,System.Collections.Generic.List`1<UnityEngine.Camera/RenderRequest>,Unity.Collections.LowLevel.Unsafe.AtomicSafetyHandle)
UnityEditor.PreviewRenderUtility:Render (bool,bool)
UnityEditor.MaterialEditor:DoRenderPreview (UnityEditor.PreviewRenderUtility,bool)
UnityEditor.MaterialEditor:RenderStaticPreview (string,UnityEngine.Object[],int,int)
UnityEditor.AssetPreviewUpdater:CreatePreview (UnityEngine.Object,UnityEngine.Object[],string,int,int)
UnityEditor.AssetPreviewUpdater:CreatePreviewForAsset (UnityEngine.Object,UnityEngine.Object[],string)

[C:\buildslave\unity\build\Runtime\Graphics\RenderBufferManager.cpp line 180]

Trying to get RenderBuffer with invalid antiAliasing (must be at least 1)
UnityEngine.StackTraceUtility:ExtractStackTrace ()
UnityEngine.Rendering.ScriptableRenderContext:Submit_Internal ()
UnityEngine.Rendering.ScriptableRenderContext:Submit ()
UnityEngine.Rendering.Universal.UniversalRenderPipeline:RenderSingleCamera (UnityEngine.Rendering.ScriptableRenderContext,UnityEngine.Rendering.Universal.CameraData,bool) (at Library/PackageCache/com.unity.render-pipelines.universal@12.1.3/Runtime/UniversalRenderPipeline.cs:430)
UnityEngine.Rendering.Universal.UniversalRenderPipeline:RenderSingleCamera (UnityEngine.Rendering.ScriptableRenderContext,UnityEngine.Camera) (at Library/PackageCache/com.unity.render-pipelines.universal@12.1.3/Runtime/UniversalRenderPipeline.cs:323)
UnityEngine.Rendering.Universal.UniversalRenderPipeline:Render (UnityEngine.Rendering.ScriptableRenderContext,System.Collections.Generic.List`1<UnityEngine.Camera>) (at Library/PackageCache/com.unity.render-pipelines.universal@12.1.3/Runtime/UniversalRenderPipeline.cs:278)
UnityEngine.Rendering.RenderPipeline:InternalRender (UnityEngine.Rendering.ScriptableRenderContext,System.Collections.Generic.List`1<UnityEngine.Camera>)
UnityEngine.Rendering.RenderPipelineManager:DoRenderLoop_Internal (UnityEngine.Rendering.RenderPipelineAsset,intptr,System.Collections.Generic.List`1<UnityEngine.Camera/RenderRequest>,Unity.Collections.LowLevel.Unsafe.AtomicSafetyHandle)
UnityEditor.PreviewRenderUtility:Render (bool,bool)
UnityEditor.MaterialEditor:DoRenderPreview (UnityEditor.PreviewRenderUtility,bool)
UnityEditor.MaterialEditor:RenderStaticPreview (string,UnityEngine.Object[],int,int)
UnityEditor.AssetPreviewUpdater:CreatePreview (UnityEngine.Object,UnityEngine.Object[],string,int,int)
UnityEditor.AssetPreviewUpdater:CreatePreviewForAsset (UnityEngine.Object,UnityEngine.Object[],string)

[C:\buildslave\unity\build\Runtime\Graphics\RenderBufferManager.cpp line 180]

 -> (artifact id: '8ff3dbc8f0a8b0ea3ae1e720bfcaccc4') in 0.783837 seconds 
========================================================================
Received Import Request.
  Time since last request: 60.895863 seconds.
  path: Assets/VFX/Recticle.vfx
  artifactKey: Guid(8c67de1510e79d5478f712a5acd6fc29) Importer(815301076,1909f56bfc062723c751e8b465ee728b)
Start importing Assets/VFX/Recticle.vfx using Guid(8c67de1510e79d5478f712a5acd6fc29) Importer(815301076,1909f56bfc062723c751e8b465ee728b)  -> (artifact id: '2f080098baa35d658ac4b87b1842703e') in 0.015719 seconds 
========================================================================
Received Import Request.
  Time since last request: 5.810139 seconds.
  path: Assets/VFX/Recticle.vfx
  artifactKey: Guid(8c67de1510e79d5478f712a5acd6fc29) Importer(815301076,1909f56bfc062723c751e8b465ee728b)
Start importing Assets/VFX/Recticle.vfx using Guid(8c67de1510e79d5478f712a5acd6fc29) Importer(815301076,1909f56bfc062723c751e8b465ee728b)  -> (artifact id: 'ea8d1e023d4db22974a5ca58a8f3806b') in 0.017499 seconds 
========================================================================
Received Import Request.
  Time since last request: 10.577875 seconds.
  path: Assets/VFX/Recticle.vfx
  artifactKey: Guid(8c67de1510e79d5478f712a5acd6fc29) Importer(815301076,1909f56bfc062723c751e8b465ee728b)
Start importing Assets/VFX/Recticle.vfx using Guid(8c67de1510e79d5478f712a5acd6fc29) Importer(815301076,1909f56bfc062723c751e8b465ee728b)  -> (artifact id: '31a302002c9bab65dab2c40fcd287c0f') in 0.015111 seconds 
========================================================================
Received Import Request.
  Time since last request: 4.391299 seconds.
  path: Assets/VFX/Recticle.vfx
  artifactKey: Guid(8c67de1510e79d5478f712a5acd6fc29) Importer(815301076,1909f56bfc062723c751e8b465ee728b)
Start importing Assets/VFX/Recticle.vfx using Guid(8c67de1510e79d5478f712a5acd6fc29) Importer(815301076,1909f56bfc062723c751e8b465ee728b)  -> (artifact id: '09a10358bb00d27b9c1cb71373c71712') in 0.014068 seconds 
========================================================================
Received Import Request.
  Time since last request: 41.168364 seconds.
  path: Assets/VFX/Recticle.vfx
  artifactKey: Guid(8c67de1510e79d5478f712a5acd6fc29) Importer(815301076,1909f56bfc062723c751e8b465ee728b)
Start importing Assets/VFX/Recticle.vfx using Guid(8c67de1510e79d5478f712a5acd6fc29) Importer(815301076,1909f56bfc062723c751e8b465ee728b)  -> (artifact id: '881955bdca241e11f7ba9ea0a1191d3b') in 0.014920 seconds 
========================================================================
Received Import Request.
  Time since last request: 30.202351 seconds.
  path: Assets/VFX/Recticle.vfx
  artifactKey: Guid(8c67de1510e79d5478f712a5acd6fc29) Importer(815301076,1909f56bfc062723c751e8b465ee728b)
Start importing Assets/VFX/Recticle.vfx using Guid(8c67de1510e79d5478f712a5acd6fc29) Importer(815301076,1909f56bfc062723c751e8b465ee728b)  -> (artifact id: '9001fa59cced5e6020eca19eceeae316') in 0.014471 seconds 
========================================================================
Received Import Request.
  Time since last request: 29.828471 seconds.
  path: Assets/VFX/Recticle.vfx
  artifactKey: Guid(8c67de1510e79d5478f712a5acd6fc29) Importer(815301076,1909f56bfc062723c751e8b465ee728b)
Start importing Assets/VFX/Recticle.vfx using Guid(8c67de1510e79d5478f712a5acd6fc29) Importer(815301076,1909f56bfc062723c751e8b465ee728b)  -> (artifact id: '192de1bf98922cabce15f01bb092a734') in 0.015008 seconds 
========================================================================
Received Import Request.
  Time since last request: 3.341928 seconds.
  path: Assets/VFX/Recticle.vfx
  artifactKey: Guid(8c67de1510e79d5478f712a5acd6fc29) Importer(815301076,1909f56bfc062723c751e8b465ee728b)
Start importing Assets/VFX/Recticle.vfx using Guid(8c67de1510e79d5478f712a5acd6fc29) Importer(815301076,1909f56bfc062723c751e8b465ee728b)  -> (artifact id: '4a6eb34eebdbd7bc32ca529676c8ed4e') in 0.015555 seconds 
========================================================================
Received Import Request.
  Time since last request: 3.424465 seconds.
  path: Assets/VFX/Recticle.vfx
  artifactKey: Guid(8c67de1510e79d5478f712a5acd6fc29) Importer(815301076,1909f56bfc062723c751e8b465ee728b)
Start importing Assets/VFX/Recticle.vfx using Guid(8c67de1510e79d5478f712a5acd6fc29) Importer(815301076,1909f56bfc062723c751e8b465ee728b)  -> (artifact id: '84556e485f3487ff4672eeee0eb43091') in 0.014006 seconds 
========================================================================
Received Import Request.
  Time since last request: 11.312106 seconds.
  path: Assets/VFX/Recticle.vfx
  artifactKey: Guid(8c67de1510e79d5478f712a5acd6fc29) Importer(815301076,1909f56bfc062723c751e8b465ee728b)
Start importing Assets/VFX/Recticle.vfx using Guid(8c67de1510e79d5478f712a5acd6fc29) Importer(815301076,1909f56bfc062723c751e8b465ee728b)  -> (artifact id: '1ef62e604234c2bcd47f57d204c41ad1') in 0.015513 seconds 
========================================================================
Received Import Request.
  Time since last request: 6.387174 seconds.
  path: Assets/TextMesh Pro/Sprites/EmojiOne.png
  artifactKey: Guid(dffef66376be4fa480fb02b19edbe903) Importer(815301076,1909f56bfc062723c751e8b465ee728b)
Start importing Assets/TextMesh Pro/Sprites/EmojiOne.png using Guid(dffef66376be4fa480fb02b19edbe903) Importer(815301076,1909f56bfc062723c751e8b465ee728b)  -> (artifact id: '3d12af52cd86ce2104b99cd67fa2f0db') in 0.072596 seconds 
========================================================================
Received Import Request.
  Time since last request: 0.000032 seconds.
  path: Assets/External/Stylized Water For URP/Textures/Foam/Foam 1.png
  artifactKey: Guid(0a33360c1c6b85c45bb8a19af0c4e87a) Importer(815301076,1909f56bfc062723c751e8b465ee728b)
Start importing Assets/External/Stylized Water For URP/Textures/Foam/Foam 1.png using Guid(0a33360c1c6b85c45bb8a19af0c4e87a) Importer(815301076,1909f56bfc062723c751e8b465ee728b)  -> (artifact id: '2650cbf8342794947eae49e7283291d8') in 0.014446 seconds 
========================================================================
Received Import Request.
  Time since last request: 0.000033 seconds.
  path: Assets/External/Stylized Water For URP/Textures/Foam/Foam 5.png
  artifactKey: Guid(d3b0d77dfe711a04c8ff18ecc260aa66) Importer(815301076,1909f56bfc062723c751e8b465ee728b)
Start importing Assets/External/Stylized Water For URP/Textures/Foam/Foam 5.png using Guid(d3b0d77dfe711a04c8ff18ecc260aa66) Importer(815301076,1909f56bfc062723c751e8b465ee728b)  -> (artifact id: 'bff8c9514caa3c5e9c96df988e09a1cf') in 0.025131 seconds 
========================================================================
Received Import Request.
  Time since last request: 0.000036 seconds.
  path: Assets/External/Stylized Water For URP/Textures/Foam/Foam 7.png
  artifactKey: Guid(ab507ff7ff37d954da98b07bf0bb152e) Importer(815301076,1909f56bfc062723c751e8b465ee728b)
Start importing Assets/External/Stylized Water For URP/Textures/Foam/Foam 7.png using Guid(ab507ff7ff37d954da98b07bf0bb152e) Importer(815301076,1909f56bfc062723c751e8b465ee728b)  -> (artifact id: '9b96bb373ac91f4d523f890f7db6f2c6') in 0.017959 seconds 
========================================================================
Received Import Request.
  Time since last request: 0.000025 seconds.
  path: Assets/External/Stylized Water For URP/Scripts/UI/Resources/Icons/Forum.png
  artifactKey: Guid(3a013fbf440f65945af849c426c8b5e4) Importer(815301076,1909f56bfc062723c751e8b465ee728b)
Start importing Assets/External/Stylized Water For URP/Scripts/UI/Resources/Icons/Forum.png using Guid(3a013fbf440f65945af849c426c8b5e4) Importer(815301076,1909f56bfc062723c751e8b465ee728b)  -> (artifact id: 'cce9cfd3ad010a94d6cf1b210a9e0621') in 0.013066 seconds 
========================================================================
Received Import Request.
  Time since last request: 0.000023 seconds.
  path: Assets/External/Stylized Water For URP/Textures/Foam/Foam 4.png
  artifactKey: Guid(772031b03d9d46e4ab03e15c8e17718c) Importer(815301076,1909f56bfc062723c751e8b465ee728b)
Start importing Assets/External/Stylized Water For URP/Textures/Foam/Foam 4.png using Guid(772031b03d9d46e4ab03e15c8e17718c) Importer(815301076,1909f56bfc062723c751e8b465ee728b)  -> (artifact id: '9e058fd3455a1e088549511f39a54990') in 0.014897 seconds 
========================================================================
Received Import Request.
  Time since last request: 0.000035 seconds.
  path: Assets/External/Fantasy Forest Environment Free Sample/Textures/grass01.tga
  artifactKey: Guid(6c41a2cea80b4fc499bac2a6c14a4514) Importer(815301076,1909f56bfc062723c751e8b465ee728b)
Start importing Assets/External/Fantasy Forest Environment Free Sample/Textures/grass01.tga using Guid(6c41a2cea80b4fc499bac2a6c14a4514) Importer(815301076,1909f56bfc062723c751e8b465ee728b)  -> (artifact id: '10c42588227e7b21ff23a7903f815d4f') in 0.024476 seconds 
========================================================================
Received Import Request.
  Time since last request: 0.113728 seconds.
  path: Assets/External/Fantasy Forest Environment Free Sample/Textures/dirt01.tga
  artifactKey: Guid(30ec70ef60a2bb54ea2df6f72c77bdc6) Importer(815301076,1909f56bfc062723c751e8b465ee728b)
Start importing Assets/External/Fantasy Forest Environment Free Sample/Textures/dirt01.tga using Guid(30ec70ef60a2bb54ea2df6f72c77bdc6) Importer(815301076,1909f56bfc062723c751e8b465ee728b)  -> (artifact id: 'e129dba46af4956fe07043868b65b144') in 0.016913 seconds 
========================================================================
Received Import Request.
  Time since last request: 0.046323 seconds.
  path: Assets/External/Stylized Water For URP/Textures/Caustics/Caustics 4.png
  artifactKey: Guid(832a95b3f67bea74b941f33cce3a7651) Importer(815301076,1909f56bfc062723c751e8b465ee728b)
Start importing Assets/External/Stylized Water For URP/Textures/Caustics/Caustics 4.png using Guid(832a95b3f67bea74b941f33cce3a7651) Importer(815301076,1909f56bfc062723c751e8b465ee728b)  -> (artifact id: 'fdbf5216604c9589ee7fd87f71f6c7a9') in 0.016818 seconds 
========================================================================
Received Import Request.
  Time since last request: 0.000041 seconds.
  path: Assets/Images/Enviroment/DesertSkybox.exr
  artifactKey: Guid(c14a8fffc76b5824bbabc149a47ddfba) Importer(815301076,1909f56bfc062723c751e8b465ee728b)
Start importing Assets/Images/Enviroment/DesertSkybox.exr using Guid(c14a8fffc76b5824bbabc149a47ddfba) Importer(815301076,1909f56bfc062723c751e8b465ee728b)  -> (artifact id: '73aeea365a6fc06d89a6e4e445ff3605') in 0.025764 seconds 
========================================================================
Received Import Request.
  Time since last request: 0.003406 seconds.
  path: Assets/External/Stylized Water For URP/Textures/Caustics/Caustics 1.png
  artifactKey: Guid(b3f9fed74fb5f1c4ea4fe5b062c3b953) Importer(815301076,1909f56bfc062723c751e8b465ee728b)
Start importing Assets/External/Stylized Water For URP/Textures/Caustics/Caustics 1.png using Guid(b3f9fed74fb5f1c4ea4fe5b062c3b953) Importer(815301076,1909f56bfc062723c751e8b465ee728b)  -> (artifact id: '8114df6b470f5d6084f1f152d2bbb6e0') in 0.017750 seconds 
========================================================================
Received Import Request.
  Time since last request: 0.000032 seconds.
  path: Assets/External/Stylized Water For URP/Textures/Caustics/Caustics 3.png
  artifactKey: Guid(f2c40b951cee11943a1f6d5ec1b42f2c) Importer(815301076,1909f56bfc062723c751e8b465ee728b)
Start importing Assets/External/Stylized Water For URP/Textures/Caustics/Caustics 3.png using Guid(f2c40b951cee11943a1f6d5ec1b42f2c) Importer(815301076,1909f56bfc062723c751e8b465ee728b)  -> (artifact id: '112408da52c498d82466f9e96bee9a85') in 0.019295 seconds 
========================================================================
Received Import Request.
  Time since last request: 0.088089 seconds.
  path: Assets/External/BOXOPHOBIC/Utils/Editor/Resources/Boxophobic - IconHelp.psd
  artifactKey: Guid(b676a215be26cba488e51c0dda84e72d) Importer(815301076,1909f56bfc062723c751e8b465ee728b)
Start importing Assets/External/BOXOPHOBIC/Utils/Editor/Resources/Boxophobic - IconHelp.psd using Guid(b676a215be26cba488e51c0dda84e72d) Importer(815301076,1909f56bfc062723c751e8b465ee728b)  -> (artifact id: 'a031b1c95fe89863864275a6fd9b0032') in 0.024950 seconds 
========================================================================
Received Import Request.
  Time since last request: 0.000102 seconds.
  path: Assets/External/BOXOPHOBIC/Utils/Editor/Resources/Boxophobic - CategoryEnd.psd
  artifactKey: Guid(e1c856352cf5b9b479ddb80c85c84cd5) Importer(815301076,1909f56bfc062723c751e8b465ee728b)
Start importing Assets/External/BOXOPHOBIC/Utils/Editor/Resources/Boxophobic - CategoryEnd.psd using Guid(e1c856352cf5b9b479ddb80c85c84cd5) Importer(815301076,1909f56bfc062723c751e8b465ee728b)  -> (artifact id: '9bbe774fe83407d40451779bfc73497d') in 0.012827 seconds 
========================================================================
Received Import Request.
  Time since last request: 0.000044 seconds.
  path: Assets/External/BOXOPHOBIC/Utils/Editor/Resources/Boxophobic - CategoryMiddle.psd
  artifactKey: Guid(106fc33e3a3dab34f89693e3ed333fa2) Importer(815301076,1909f56bfc062723c751e8b465ee728b)
Start importing Assets/External/BOXOPHOBIC/Utils/Editor/Resources/Boxophobic - CategoryMiddle.psd using Guid(106fc33e3a3dab34f89693e3ed333fa2) Importer(815301076,1909f56bfc062723c751e8b465ee728b)  -> (artifact id: '91d1e5dde9a36e86d4be81360501cd0a') in 0.017115 seconds 
========================================================================
Received Import Request.
  Time since last request: 0.023494 seconds.
  path: Assets/External/BOXOPHOBIC/Utils/Editor/Resources/Boxophobic - BannerEnd.psd
  artifactKey: Guid(0dd3fbd5475976a4aa96298afc680d17) Importer(815301076,1909f56bfc062723c751e8b465ee728b)
Start importing Assets/External/BOXOPHOBIC/Utils/Editor/Resources/Boxophobic - BannerEnd.psd using Guid(0dd3fbd5475976a4aa96298afc680d17) Importer(815301076,1909f56bfc062723c751e8b465ee728b)  -> (artifact id: 'df8fb24962d800047d168aa0159d1b70') in 0.014127 seconds 
========================================================================
Received Import Request.
  Time since last request: 0.000040 seconds.
  path: Assets/External/BOXOPHOBIC/Utils/Editor/Resources/Boxophobic - CategoryBegin.psd
  artifactKey: Guid(97ec2262fb592f94a9569e156ea65d7b) Importer(815301076,1909f56bfc062723c751e8b465ee728b)
Start importing Assets/External/BOXOPHOBIC/Utils/Editor/Resources/Boxophobic - CategoryBegin.psd using Guid(97ec2262fb592f94a9569e156ea65d7b) Importer(815301076,1909f56bfc062723c751e8b465ee728b)  -> (artifact id: '76020cbce8b98aab0b79ad01f28aa5df') in 0.011816 seconds 
========================================================================
Received Import Request.
  Time since last request: 0.100450 seconds.
  path: Assets/External/Fantasy Forest Environment Free Sample/Textures/bark01_bottom.tga
  artifactKey: Guid(4e44992d8a199a546aeaaa6ebc63b91a) Importer(815301076,1909f56bfc062723c751e8b465ee728b)
Start importing Assets/External/Fantasy Forest Environment Free Sample/Textures/bark01_bottom.tga using Guid(4e44992d8a199a546aeaaa6ebc63b91a) Importer(815301076,1909f56bfc062723c751e8b465ee728b)  -> (artifact id: 'bbd1f68c4db151724b23b3eabe66acbd') in 0.015466 seconds 
========================================================================
Received Import Request.
  Time since last request: 119.172576 seconds.
  path: Packages/com.unity.visualeffectgraph/Textures/Noise.tga
  artifactKey: Guid(1d8481de16af723418a688958c41224b) Importer(815301076,1909f56bfc062723c751e8b465ee728b)
Start importing Packages/com.unity.visualeffectgraph/Textures/Noise.tga using Guid(1d8481de16af723418a688958c41224b) Importer(815301076,1909f56bfc062723c751e8b465ee728b)  -> (artifact id: 'e05862798b6842e86411bb1ecb725f90') in 0.020384 seconds 
========================================================================
Received Import Request.
  Time since last request: 0.000047 seconds.
  path: Packages/com.unity.visualeffectgraph/Textures/Sphere.tga
  artifactKey: Guid(d01d8874889eebc4ab0cde7f2b3309de) Importer(815301076,1909f56bfc062723c751e8b465ee728b)
Start importing Packages/com.unity.visualeffectgraph/Textures/Sphere.tga using Guid(d01d8874889eebc4ab0cde7f2b3309de) Importer(815301076,1909f56bfc062723c751e8b465ee728b)  -> (artifact id: 'e1d140a08872e064443f49b250da4984') in 0.019736 seconds 
========================================================================
Received Import Request.
  Time since last request: 0.000093 seconds.
  path: Packages/com.unity.visualeffectgraph/Textures/SimpleSmoke.tga
  artifactKey: Guid(de0fae515169ff246a20d58a8a440ed0) Importer(815301076,1909f56bfc062723c751e8b465ee728b)
Start importing Packages/com.unity.visualeffectgraph/Textures/SimpleSmoke.tga using Guid(de0fae515169ff246a20d58a8a440ed0) Importer(815301076,1909f56bfc062723c751e8b465ee728b)  -> (artifact id: '5f407d5487eb34d28f2942626ef42eee') in 0.013859 seconds 
========================================================================
Received Import Request.
  Time since last request: 0.452441 seconds.
  path: Packages/com.unity.render-pipelines.core/Editor/Lighting/Icons/LightUnitIcons/DecorativeLight.png
  artifactKey: Guid(1e2ae1a12a2a1ff498cab6444b9cd394) Importer(815301076,1909f56bfc062723c751e8b465ee728b)
Start importing Packages/com.unity.render-pipelines.core/Editor/Lighting/Icons/LightUnitIcons/DecorativeLight.png using Guid(1e2ae1a12a2a1ff498cab6444b9cd394) Importer(815301076,1909f56bfc062723c751e8b465ee728b)  -> (artifact id: '2a1ca829889ced40cdf99de7d0b804ef') in 0.016141 seconds 
========================================================================
Received Import Request.
  Time since last request: 0.000068 seconds.
  path: Packages/com.unity.collab-proxy/Editor/Collaborate/Assets/Icons/diff-dark@2x.png
  artifactKey: Guid(1875b6a8fb148514ab1d9494eae2dd9e) Importer(815301076,1909f56bfc062723c751e8b465ee728b)
Start importing Packages/com.unity.collab-proxy/Editor/Collaborate/Assets/Icons/diff-dark@2x.png using Guid(1875b6a8fb148514ab1d9494eae2dd9e) Importer(815301076,1909f56bfc062723c751e8b465ee728b)  -> (artifact id: '83b4ea21b6745e03dec68b538b90414f') in 0.017404 seconds 
========================================================================
Received Import Request.
  Time since last request: 0.000037 seconds.
  path: Packages/com.unity.collab-proxy/Editor/Collaborate/Assets/Icons/deleted-file-dark@2x.png
  artifactKey: Guid(a7d900a247e707e45a257328c3ee381e) Importer(815301076,1909f56bfc062723c751e8b465ee728b)
Start importing Packages/com.unity.collab-proxy/Editor/Collaborate/Assets/Icons/deleted-file-dark@2x.png using Guid(a7d900a247e707e45a257328c3ee381e) Importer(815301076,1909f56bfc062723c751e8b465ee728b)  -> (artifact id: 'ef1ce378fb983661fca38b8c8bed21e8') in 0.016017 seconds 
========================================================================
Received Import Request.
  Time since last request: 0.000027 seconds.
  path: Packages/com.unity.render-pipelines.core/Editor/Lighting/Icons/LightUnitIcons/DecorativeLight@2x.png
  artifactKey: Guid(ac6bd7230f54da84b8ad3a0e2b14b3d9) Importer(815301076,1909f56bfc062723c751e8b465ee728b)
Start importing Packages/com.unity.render-pipelines.core/Editor/Lighting/Icons/LightUnitIcons/DecorativeLight@2x.png using Guid(ac6bd7230f54da84b8ad3a0e2b14b3d9) Importer(815301076,1909f56bfc062723c751e8b465ee728b)  -> (artifact id: 'f01594477729b7629bd16f4774e84cdd') in 0.016252 seconds 
========================================================================
Received Import Request.
  Time since last request: 0.000026 seconds.
  path: Packages/com.unity.collab-proxy/Editor/Collaborate/Assets/Icons/diff-light@2x.png
  artifactKey: Guid(56f45ee382e8dc847bd536ba8de7300b) Importer(815301076,1909f56bfc062723c751e8b465ee728b)
Start importing Packages/com.unity.collab-proxy/Editor/Collaborate/Assets/Icons/diff-light@2x.png using Guid(56f45ee382e8dc847bd536ba8de7300b) Importer(815301076,1909f56bfc062723c751e8b465ee728b)  -> (artifact id: '7bfe9d2d89ca3fea89814811d501ad9a') in 0.016521 seconds 
========================================================================
Received Import Request.
  Time since last request: 0.000053 seconds.
  path: Packages/com.unity.collab-proxy/Editor/Collaborate/Assets/Icons/diff-light.png
  artifactKey: Guid(f4d24f788ff8ef0448d273529dc5d9a0) Importer(815301076,1909f56bfc062723c751e8b465ee728b)
Start importing Packages/com.unity.collab-proxy/Editor/Collaborate/Assets/Icons/diff-light.png using Guid(f4d24f788ff8ef0448d273529dc5d9a0) Importer(815301076,1909f56bfc062723c751e8b465ee728b)  -> (artifact id: '4854000c4bb6cc5eec53cb8316dbc81f') in 0.014548 seconds 
========================================================================
Received Import Request.
  Time since last request: 2.239359 seconds.
  path: Packages/com.unity.render-pipelines.core/Editor/Lighting/Icons/LightUnitIcons/DirectSunlight@2x.png
  artifactKey: Guid(03ea000956f47584c872d8b4df47f5ee) Importer(815301076,1909f56bfc062723c751e8b465ee728b)
Start importing Packages/com.unity.render-pipelines.core/Editor/Lighting/Icons/LightUnitIcons/DirectSunlight@2x.png using Guid(03ea000956f47584c872d8b4df47f5ee) Importer(815301076,1909f56bfc062723c751e8b465ee728b)  -> (artifact id: '1c37461683509e8c71d75a97ac461a50') in 0.018420 seconds 
========================================================================
Received Import Request.
  Time since last request: 0.000028 seconds.
  path: Packages/com.unity.probuilder/Content/Icons/Tools/ShapeTool/on/Door.png
  artifactKey: Guid(2002d806f253361469881a67e7fc9ea3) Importer(815301076,1909f56bfc062723c751e8b465ee728b)
Start importing Packages/com.unity.probuilder/Content/Icons/Tools/ShapeTool/on/Door.png using Guid(2002d806f253361469881a67e7fc9ea3) Importer(815301076,1909f56bfc062723c751e8b465ee728b)  -> (artifact id: '72c39a72ec37cdc924273e1aa1391ca4') in 0.016047 seconds 
========================================================================
Received Import Request.
  Time since last request: 0.351641 seconds.
  path: Packages/com.unity.probuilder/Content/Icons/Tools/ShapeTool/on/Door@2x.png
  artifactKey: Guid(dd5e95bfc7fa456479336740356abaca) Importer(815301076,1909f56bfc062723c751e8b465ee728b)
Start importing Packages/com.unity.probuilder/Content/Icons/Tools/ShapeTool/on/Door@2x.png using Guid(dd5e95bfc7fa456479336740356abaca) Importer(815301076,1909f56bfc062723c751e8b465ee728b)  -> (artifact id: 'd075401f0e8c5db4704eab392003c404') in 0.016539 seconds 
========================================================================
Received Import Request.
  Time since last request: 0.000030 seconds.
  path: Packages/com.unity.render-pipelines.core/Editor/Lighting/Icons/DownSnatchFocused.png
  artifactKey: Guid(f6ca176a623705248878abeaf560002a) Importer(815301076,1909f56bfc062723c751e8b465ee728b)
Start importing Packages/com.unity.render-pipelines.core/Editor/Lighting/Icons/DownSnatchFocused.png using Guid(f6ca176a623705248878abeaf560002a) Importer(815301076,1909f56bfc062723c751e8b465ee728b)  -> (artifact id: 'ac7b9c13566f01dd95adb96cb2243377') in 0.013073 seconds 
========================================================================
Received Import Request.
  Time since last request: 0.000024 seconds.
  path: Packages/com.unity.probuilder/Content/Icons/Tools/ShapeTool/Door@2x_Light.png
  artifactKey: Guid(004eed9474720524c91221e0051f47ef) Importer(815301076,1909f56bfc062723c751e8b465ee728b)
Start importing Packages/com.unity.probuilder/Content/Icons/Tools/ShapeTool/Door@2x_Light.png using Guid(004eed9474720524c91221e0051f47ef) Importer(815301076,1909f56bfc062723c751e8b465ee728b)  -> (artifact id: '1e668e3cd91362f58cbaadbab4c66ebc') in 0.014743 seconds 
========================================================================
Received Import Request.
  Time since last request: 0.263556 seconds.
  path: Packages/com.unity.inputsystem/InputSystem/Editor/Icons/Dpad@2x.png
  artifactKey: Guid(5806833d077654e5784b7cbf3e722f58) Importer(815301076,1909f56bfc062723c751e8b465ee728b)
Start importing Packages/com.unity.inputsystem/InputSystem/Editor/Icons/Dpad@2x.png using Guid(5806833d077654e5784b7cbf3e722f58) Importer(815301076,1909f56bfc062723c751e8b465ee728b)  -> (artifact id: '3e35371a00315d10cce4ec2cc21fd311') in 0.016969 seconds 
========================================================================
Received Import Request.
  Time since last request: 0.000036 seconds.
  path: Packages/com.unity.inputsystem/InputSystem/Editor/Icons/Dpad@3x.png
  artifactKey: Guid(6c1147159d9dc42948601b29dfc9a40c) Importer(815301076,1909f56bfc062723c751e8b465ee728b)
Start importing Packages/com.unity.inputsystem/InputSystem/Editor/Icons/Dpad@3x.png using Guid(6c1147159d9dc42948601b29dfc9a40c) Importer(815301076,1909f56bfc062723c751e8b465ee728b)  -> (artifact id: 'a0c33151fe710c56401c6bdb4cabd518') in 0.016880 seconds 
========================================================================
Received Import Request.
  Time since last request: 0.001028 seconds.
  path: Packages/com.unity.render-pipelines.core/Editor/LookDev/Icons/Duplicate.png
  artifactKey: Guid(352dd7fc77ee28c479bf6504efe94f16) Importer(815301076,1909f56bfc062723c751e8b465ee728b)
Start importing Packages/com.unity.render-pipelines.core/Editor/LookDev/Icons/Duplicate.png using Guid(352dd7fc77ee28c479bf6504efe94f16) Importer(815301076,1909f56bfc062723c751e8b465ee728b)  -> (artifact id: 'eb51740b703b2ba0c9e008ca43eba375') in 0.034528 seconds 
========================================================================
Received Import Request.
  Time since last request: 0.221166 seconds.
  path: Packages/com.unity.probuilder/Content/Icons/Toolbar/Edge_Bevel_disabled.png
  artifactKey: Guid(856657b62858748498f0ca756ea934af) Importer(815301076,1909f56bfc062723c751e8b465ee728b)
Start importing Packages/com.unity.probuilder/Content/Icons/Toolbar/Edge_Bevel_disabled.png using Guid(856657b62858748498f0ca756ea934af) Importer(815301076,1909f56bfc062723c751e8b465ee728b)  -> (artifact id: '773957a5bcbf7a4fdae53d78765f16b7') in 0.017050 seconds 
========================================================================
Received Import Request.
  Time since last request: 0.000027 seconds.
  path: Packages/com.unity.probuilder/Content/Icons/Toolbar/Edge_Bridge_disabled.png
  artifactKey: Guid(821257d58060c41e29f55ecdab551f4b) Importer(815301076,1909f56bfc062723c751e8b465ee728b)
Start importing Packages/com.unity.probuilder/Content/Icons/Toolbar/Edge_Bridge_disabled.png using Guid(821257d58060c41e29f55ecdab551f4b) Importer(815301076,1909f56bfc062723c751e8b465ee728b)  -> (artifact id: '3c6be956378255e6eee510276064d7ac') in 0.013741 seconds 
========================================================================
Received Import Request.
  Time since last request: 0.021296 seconds.
  path: Packages/com.unity.probuilder/Content/Icons/Toolbar/Edge_Connect_disabled.png
  artifactKey: Guid(730c69e680a894479906e6b80fe5c3c9) Importer(815301076,1909f56bfc062723c751e8b465ee728b)
Start importing Packages/com.unity.probuilder/Content/Icons/Toolbar/Edge_Connect_disabled.png using Guid(730c69e680a894479906e6b80fe5c3c9) Importer(815301076,1909f56bfc062723c751e8b465ee728b)  -> (artifact id: '3e4f6f8efc9bd72142b27e41cfef39ce') in 0.015010 seconds 
========================================================================
Received Import Request.
  Time since last request: 0.000030 seconds.
  path: Packages/com.unity.probuilder/Content/Icons/Toolbar/Edge_Extrude.png
  artifactKey: Guid(17ca372dc70ce445795e5327fd14617d) Importer(815301076,1909f56bfc062723c751e8b465ee728b)
Start importing Packages/com.unity.probuilder/Content/Icons/Toolbar/Edge_Extrude.png using Guid(17ca372dc70ce445795e5327fd14617d) Importer(815301076,1909f56bfc062723c751e8b465ee728b)  -> (artifact id: '5b9eea99fdb40aea664087c91ab8437c') in 0.012833 seconds 
========================================================================
Received Import Request.
  Time since last request: 0.185703 seconds.
  path: Packages/com.unity.probuilder/Content/Icons/Toolbar/Edge_FillHole_disabled.png
  artifactKey: Guid(b7defbd9ac0184d85b28922c48f45cea) Importer(815301076,1909f56bfc062723c751e8b465ee728b)
Start importing Packages/com.unity.probuilder/Content/Icons/Toolbar/Edge_FillHole_disabled.png using Guid(b7defbd9ac0184d85b28922c48f45cea) Importer(815301076,1909f56bfc062723c751e8b465ee728b)  -> (artifact id: 'd7161ed2add99f4085de57b9f8667507') in 0.016934 seconds 
========================================================================
Received Import Request.
  Time since last request: 0.056737 seconds.
  path: Packages/com.unity.probuilder/Content/Icons/Toolbar/Edge_Subdivide.png
  artifactKey: Guid(03784ef963c4741f1a1766dff98f093c) Importer(815301076,1909f56bfc062723c751e8b465ee728b)
Start importing Packages/com.unity.probuilder/Content/Icons/Toolbar/Edge_Subdivide.png using Guid(03784ef963c4741f1a1766dff98f093c) Importer(815301076,1909f56bfc062723c751e8b465ee728b)  -> (artifact id: '180dccb48c7f22d619959d26654ef0a0') in 0.016668 seconds 
========================================================================
Received Import Request.
  Time since last request: 0.000037 seconds.
  path: Packages/com.unity.probuilder/Content/Icons/Toolbar/Edge_Subdivide_disabled.png
  artifactKey: Guid(1d3cfa6d5d3be48b49f9bc2055d9cc25) Importer(815301076,1909f56bfc062723c751e8b465ee728b)
Start importing Packages/com.unity.probuilder/Content/Icons/Toolbar/Edge_Subdivide_disabled.png using Guid(1d3cfa6d5d3be48b49f9bc2055d9cc25) Importer(815301076,1909f56bfc062723c751e8b465ee728b)  -> (artifact id: '78179d7d5c59c5397fbf0710427d69d7') in 0.013368 seconds 
========================================================================
Received Import Request.
  Time since last request: 12.507233 seconds.
  path: Assets/External/Fantasy Forest Environment Free Sample/Textures/grassmesh.png
  artifactKey: Guid(4e364662e65fd2d4a995a4efe45af277) Importer(815301076,1909f56bfc062723c751e8b465ee728b)
Start importing Assets/External/Fantasy Forest Environment Free Sample/Textures/grassmesh.png using Guid(4e364662e65fd2d4a995a4efe45af277) Importer(815301076,1909f56bfc062723c751e8b465ee728b)  -> (artifact id: 'dffb0f4a2f5bfd91b8637d14089b3848') in 0.018194 seconds 
========================================================================
Received Import Request.
  Time since last request: 0.057595 seconds.
  path: Assets/External/Stylized Water For URP/Scripts/UI/Resources/Icons/Neutral.png
  artifactKey: Guid(06ae6920c59497e49b9c28eafdbf9d67) Importer(815301076,1909f56bfc062723c751e8b465ee728b)
Start importing Assets/External/Stylized Water For URP/Scripts/UI/Resources/Icons/Neutral.png using Guid(06ae6920c59497e49b9c28eafdbf9d67) Importer(815301076,1909f56bfc062723c751e8b465ee728b)  -> (artifact id: 'cf96746f9c13f6388836ed0a45b976a4') in 0.017687 seconds 
========================================================================
Received Import Request.
  Time since last request: 0.304759 seconds.
  path: Assets/External/Stylized Water For URP/Textures/Normals/Normals 3.png
  artifactKey: Guid(f19bc2945cd1d724e92c1bcf2b70cab3) Importer(815301076,1909f56bfc062723c751e8b465ee728b)
Start importing Assets/External/Stylized Water For URP/Textures/Normals/Normals 3.png using Guid(f19bc2945cd1d724e92c1bcf2b70cab3) Importer(815301076,1909f56bfc062723c751e8b465ee728b)  -> (artifact id: 'ec4bb5e18880e7523035d05303eaa88d') in 0.022929 seconds 
========================================================================
Received Import Request.
  Time since last request: 0.022771 seconds.
  path: Assets/External/BOXOPHOBIC/Skybox Cubemap Extended/Demo/Textures/Polyverse Skies - Blue Sky.png
  artifactKey: Guid(beb1457d375110e468b8d8e1f29fccea) Importer(815301076,1909f56bfc062723c751e8b465ee728b)
Start importing Assets/External/BOXOPHOBIC/Skybox Cubemap Extended/Demo/Textures/Polyverse Skies - Blue Sky.png using Guid(beb1457d375110e468b8d8e1f29fccea) Importer(815301076,1909f56bfc062723c751e8b465ee728b)  -> (artifact id: '1decade1f2ecc1d2120d49215e7b7887') in 0.282905 seconds 
========================================================================
Received Import Request.
  Time since last request: 2.670004 seconds.
  path: Assets/External/Stylized Water For URP/Scripts/UI/Resources/Icons/Reflection.png
  artifactKey: Guid(91bdde8a84232d24eb08739e82d1809c) Importer(815301076,1909f56bfc062723c751e8b465ee728b)
Start importing Assets/External/Stylized Water For URP/Scripts/UI/Resources/Icons/Reflection.png using Guid(91bdde8a84232d24eb08739e82d1809c) Importer(815301076,1909f56bfc062723c751e8b465ee728b)  -> (artifact id: 'c0a6e02b00ef7c0071912816a1210b6e') in 0.015579 seconds 
========================================================================
Received Import Request.
  Time since last request: 0.023887 seconds.
  path: Assets/DebugXR, by Tobiesen/Icons/sign-warning-icon.png
  artifactKey: Guid(38c8c1b01c44fa2498c0dd28abd361e7) Importer(815301076,1909f56bfc062723c751e8b465ee728b)
Start importing Assets/DebugXR, by Tobiesen/Icons/sign-warning-icon.png using Guid(38c8c1b01c44fa2498c0dd28abd361e7) Importer(815301076,1909f56bfc062723c751e8b465ee728b)  -> (artifact id: '001ff15a8aaab176706d7f7023156449') in 0.037919 seconds 
========================================================================
Received Import Request.
  Time since last request: 14.152917 seconds.
  path: Assets/DebugXR, by Tobiesen/Icons/system-error-icon.png
  artifactKey: Guid(d75b0200904dc174fa0e839a237c559b) Importer(815301076,1909f56bfc062723c751e8b465ee728b)
Start importing Assets/DebugXR, by Tobiesen/Icons/system-error-icon.png using Guid(d75b0200904dc174fa0e839a237c559b) Importer(815301076,1909f56bfc062723c751e8b465ee728b)  -> (artifact id: '2818d6068604ef0de392047bb21f4289') in 0.035992 seconds 
========================================================================
Received Import Request.
  Time since last request: 0.000030 seconds.
  path: Assets/Scenes/DrinkAdvert/Volume.png
  artifactKey: Guid(a0d49c4af28546b4cbc8a1c6aeebbba1) Importer(815301076,1909f56bfc062723c751e8b465ee728b)
Start importing Assets/Scenes/DrinkAdvert/Volume.png using Guid(a0d49c4af28546b4cbc8a1c6aeebbba1) Importer(815301076,1909f56bfc062723c751e8b465ee728b)  -> (artifact id: '1e1e38ff7ef61b0d4fcb306809ff5a06') in 0.015171 seconds 
========================================================================
Received Import Request.
  Time since last request: 1.950194 seconds.
  path: Assets/External/Stylized Water For URP/Scripts/UI/Resources/Icons/WaterEffects.png
  artifactKey: Guid(6942e6e9506179243aca4809ab2e0e48) Importer(815301076,1909f56bfc062723c751e8b465ee728b)
Start importing Assets/External/Stylized Water For URP/Scripts/UI/Resources/Icons/WaterEffects.png using Guid(6942e6e9506179243aca4809ab2e0e48) Importer(815301076,1909f56bfc062723c751e8b465ee728b)  -> (artifact id: '9aa3404e829b4d4d6f0da59267c8c61f') in 0.018064 seconds 
Editor requested this worker to shutdown with reason: Scaling down because of idle timeout
AssetImportWorker is now disconnected from the server
Process exiting
Exiting without the bug reporter. Application will terminate with return code 0