Using pre-set license
Built from '2021.2/staging' branch; Version is '2021.2.8f1 (d0e5f0a7b06a) revision 13690352'; Using compiler version '192829333'; Build Type 'Release'
OS: 'Windows 10  (10.0.19042) 64bit Core' Language: 'en' Physical Memory: 32585 MB
BatchMode: 1, IsHumanControllingUs: 0, StartBugReporterOnCrash: 0, Is64bit: 1, IsPro: 0

COMMAND LINE ARGUMENTS:
C:\Program Files\Unity\Hub\Editor\2021.2.8f1\Editor\Unity.exe
-adb2
-batchMode
-noUpm
-name
AssetImportWorker1
-projectPath
C:/Users/marco/FILES/Projects/Personal/VR/Metaverse Adverts/u_MetaverseAdverts/MetaverseAdverts
-logFile
Logs/AssetImportWorker1.log
-srvPort
50056
Successfully changed project path to: C:/Users/marco/FILES/Projects/Personal/VR/Metaverse Adverts/u_MetaverseAdverts/MetaverseAdverts
C:/Users/marco/FILES/Projects/Personal/VR/Metaverse Adverts/u_MetaverseAdverts/MetaverseAdverts
[UnityMemory] Configuration Parameters - Can be set up in boot.config
    "memorysetup-bucket-allocator-granularity=16"
    "memorysetup-bucket-allocator-bucket-count=8"
    "memorysetup-bucket-allocator-block-size=33554432"
    "memorysetup-bucket-allocator-block-count=8"
    "memorysetup-main-allocator-block-size=16777216"
    "memorysetup-thread-allocator-block-size=16777216"
    "memorysetup-gfx-main-allocator-block-size=16777216"
    "memorysetup-gfx-thread-allocator-block-size=16777216"
    "memorysetup-cache-allocator-block-size=4194304"
    "memorysetup-typetree-allocator-block-size=2097152"
    "memorysetup-profiler-bucket-allocator-granularity=16"
    "memorysetup-profiler-bucket-allocator-bucket-count=8"
    "memorysetup-profiler-bucket-allocator-block-size=33554432"
    "memorysetup-profiler-bucket-allocator-block-count=8"
    "memorysetup-profiler-allocator-block-size=16777216"
    "memorysetup-profiler-editor-allocator-block-size=1048576"
    "memorysetup-temp-allocator-size-main=16777216"
    "memorysetup-job-temp-allocator-block-size=2097152"
    "memorysetup-job-temp-allocator-block-size-background=1048576"
    "memorysetup-job-temp-allocator-reduction-small-platforms=262144"
    "memorysetup-temp-allocator-size-background-worker=32768"
    "memorysetup-temp-allocator-size-job-worker=262144"
    "memorysetup-temp-allocator-size-preload-manager=33554432"
    "memorysetup-temp-allocator-size-nav-mesh-worker=65536"
    "memorysetup-temp-allocator-size-audio-worker=65536"
    "memorysetup-temp-allocator-size-cloud-worker=32768"
    "memorysetup-temp-allocator-size-gi-baking-worker=262144"
    "memorysetup-temp-allocator-size-gfx=262144"
Refreshing native plugins compatible for Editor in 222.09 ms, found 11 plugins.
Preloading 0 native plugins for Editor in 0.00 ms.
Initialize engine version: 2021.2.8f1 (d0e5f0a7b06a)
[Subsystems] Discovering subsystems at path C:/Program Files/Unity/Hub/Editor/2021.2.8f1/Editor/Data/Resources/UnitySubsystems
[Subsystems] Discovering subsystems at path C:/Users/marco/FILES/Projects/Personal/VR/Metaverse Adverts/u_MetaverseAdverts/MetaverseAdverts/Assets
GfxDevice: creating device client; threaded=0; jobified=0
Direct3D:
    Version:  Direct3D 11.0 [level 11.1]
    Renderer: NVIDIA GeForce RTX 2060 (ID=0x1f15)
    Vendor:   NVIDIA
    VRAM:     5980 MB
    Driver:   27.21.14.6089
Initialize mono
Mono path[0] = 'C:/Program Files/Unity/Hub/Editor/2021.2.8f1/Editor/Data/Managed'
Mono path[1] = 'C:/Program Files/Unity/Hub/Editor/2021.2.8f1/Editor/Data/MonoBleedingEdge/lib/mono/unityjit-win32'
Mono config path = 'C:/Program Files/Unity/Hub/Editor/2021.2.8f1/Editor/Data/MonoBleedingEdge/etc'
Using monoOptions --debugger-agent=transport=dt_socket,embedding=1,server=y,suspend=n,address=127.0.0.1:56816
Begin MonoManager ReloadAssembly
Registering precompiled unity dll's ...
Register platform support module: C:/Program Files/Unity/Hub/Editor/2021.2.8f1/Editor/Data/PlaybackEngines/WindowsStandaloneSupport/UnityEditor.WindowsStandalone.Extensions.dll
Registered in 0.010294 seconds.
Native extension for WindowsStandalone target not found
Refreshing native plugins compatible for Editor in 203.95 ms, found 11 plugins.
Preloading 0 native plugins for Editor in 0.00 ms.
Mono: successfully reloaded assembly
- Completed reload, in  1.071 seconds
Domain Reload Profiling:
	ReloadAssembly (1071ms)
		BeginReloadAssembly (136ms)
			ExecutionOrderSort (0ms)
			DisableScriptedObjects (0ms)
			BackupInstance (0ms)
			ReleaseScriptingObjects (0ms)
			CreateAndSetChildDomain (1ms)
		EndReloadAssembly (796ms)
			LoadAssemblies (134ms)
			RebuildTransferFunctionScriptingTraits (0ms)
			SetupTypeCache (170ms)
			ReleaseScriptCaches (0ms)
			RebuildScriptCaches (40ms)
			SetupLoadedEditorAssemblies (504ms)
				LogAssemblyErrors (0ms)
				InitializePlatformSupportModulesInManaged (26ms)
				SetLoadedEditorAssemblies (0ms)
				RefreshPlugins (204ms)
				BeforeProcessingInitializeOnLoad (2ms)
				ProcessInitializeOnLoadAttributes (203ms)
				ProcessInitializeOnLoadMethodAttributes (68ms)
				AfterProcessingInitializeOnLoad (0ms)
				EditorAssembliesLoaded (0ms)
			ExecutionOrderSort2 (0ms)
			AwakeInstancesAfterBackupRestoration (0ms)
Platform modules already initialized, skipping
Registering precompiled user dll's ...
Registered in 0.017346 seconds.
Begin MonoManager ReloadAssembly
Symbol file LoadedFromMemory doesn't match image C:\Users\marco\FILES\Projects\Personal\VR\Metaverse Adverts\u_MetaverseAdverts\MetaverseAdverts\Library\PackageCache\com.unity.visualscripting@1.7.6\Editor\VisualScripting.Core\Dependencies\DotNetZip\Unity.VisualScripting.IonicZip.dll
Symbol file LoadedFromMemory doesn't match image C:\Users\marco\FILES\Projects\Personal\VR\Metaverse Adverts\u_MetaverseAdverts\MetaverseAdverts\Library\PackageCache\com.unity.visualscripting@1.7.6\Editor\VisualScripting.Core\Dependencies\YamlDotNet\Unity.VisualScripting.YamlDotNet.dll
Native extension for WindowsStandalone target not found
Refreshing native plugins compatible for Editor in 204.17 ms, found 11 plugins.
Preloading 0 native plugins for Editor in 0.00 ms.
Package Manager log level set to [2]
Mono: successfully reloaded assembly
- Completed reload, in  3.230 seconds
Domain Reload Profiling:
	ReloadAssembly (3231ms)
		BeginReloadAssembly (171ms)
			ExecutionOrderSort (0ms)
			DisableScriptedObjects (10ms)
			BackupInstance (0ms)
			ReleaseScriptingObjects (0ms)
			CreateAndSetChildDomain (31ms)
		EndReloadAssembly (2908ms)
			LoadAssemblies (154ms)
			RebuildTransferFunctionScriptingTraits (0ms)
			SetupTypeCache (551ms)
			ReleaseScriptCaches (1ms)
			RebuildScriptCaches (170ms)
			SetupLoadedEditorAssemblies (1955ms)
				LogAssemblyErrors (0ms)
				InitializePlatformSupportModulesInManaged (16ms)
				SetLoadedEditorAssemblies (0ms)
				RefreshPlugins (205ms)
				BeforeProcessingInitializeOnLoad (224ms)
				ProcessInitializeOnLoadAttributes (1366ms)
				ProcessInitializeOnLoadMethodAttributes (131ms)
				AfterProcessingInitializeOnLoad (12ms)
				EditorAssembliesLoaded (0ms)
			ExecutionOrderSort2 (0ms)
			AwakeInstancesAfterBackupRestoration (10ms)
Platform modules already initialized, skipping
========================================================================
Worker process is ready to serve import requests
Launched and connected shader compiler UnityShaderCompiler.exe after 0.06 seconds
Refreshing native plugins compatible for Editor in 3.31 ms, found 11 plugins.
Preloading 0 native plugins for Editor in 0.00 ms.
Unloading 7029 Unused Serialized files (Serialized files now loaded: 0)
Unloading 59 unused Assets / (1.2 MB). Loaded Objects now: 7477.
Memory consumption went from 297.1 MB to 295.9 MB.
Total: 9.038200 ms (FindLiveObjects: 1.219100 ms CreateObjectMapping: 1.925400 ms MarkObjects: 5.234600 ms  DeleteObjects: 0.657000 ms)

AssetImportParameters requested are different than current active one (requested -> active):
  custom:video-decoder-ogg-theora: a1e56fd34408186e4bbccfd4996cb3dc -> 
  custom:container-muxer-webm: aa71ff27fc2769a1b78a27578f13a17b -> 
  custom:container-demuxer-webm: 4f35f7cbe854078d1ac9338744f61a02 -> 
  custom:video-encoder-webm-vp8: eb34c28f22e8b96e1ab97ce403110664 -> 
  custom:audio-encoder-webm-vorbis: bf7c407c2cedff20999df2af8eb42d56 -> 
  custom:framework-win-MediaFoundation: 216162199b28c13a410421893ffa2e32 -> 
  custom:container-demuxer-ogg: 62fdf1f143b41e24485cea50d1cbac27 -> 
  custom:video-decoder-webm-vp8: 9c59270c3fd7afecdb556c50c9e8de78 -> 
  custom:audio-decoder-ogg-vorbis: bf7c407c2cedff20999df2af8eb42d56 -> 
========================================================================
Received Import Request.
  Time since last request: 560861.505208 seconds.
  path: Assets/External/Stylized Water For URP/Demos/Water/Floor.png
  artifactKey: Guid(0be6c0dfd355f474ba09d913e04fa09d) Importer(815301076,1909f56bfc062723c751e8b465ee728b)
Start importing Assets/External/Stylized Water For URP/Demos/Water/Floor.png using Guid(0be6c0dfd355f474ba09d913e04fa09d) Importer(815301076,1909f56bfc062723c751e8b465ee728b)  -> (artifact id: '914dbf8e781251147951e6ea3dbb4aa5') in 0.143464 seconds 
========================================================================
Received Import Request.
  Time since last request: 0.000032 seconds.
  path: Assets/External/Stylized Water For URP/Textures/Foam/Foam 6.png
  artifactKey: Guid(5293ac8cd3dd6f6478585f4f30abddf7) Importer(815301076,1909f56bfc062723c751e8b465ee728b)
Start importing Assets/External/Stylized Water For URP/Textures/Foam/Foam 6.png using Guid(5293ac8cd3dd6f6478585f4f30abddf7) Importer(815301076,1909f56bfc062723c751e8b465ee728b)  -> (artifact id: 'cff8998630ab237c942f6d859b771fb5') in 0.018252 seconds 
========================================================================
Received Import Request.
  Time since last request: 0.000086 seconds.
  path: Assets/External/Stylized Water For URP/Textures/Foam/Foam 8.png
  artifactKey: Guid(59322d9235e3b2a44a08574ae149f003) Importer(815301076,1909f56bfc062723c751e8b465ee728b)
Start importing Assets/External/Stylized Water For URP/Textures/Foam/Foam 8.png using Guid(59322d9235e3b2a44a08574ae149f003) Importer(815301076,1909f56bfc062723c751e8b465ee728b)  -> (artifact id: '943ebdd3d8578e42a0d802624c516a97') in 0.014853 seconds 
========================================================================
Received Import Request.
  Time since last request: 0.000065 seconds.
  path: Assets/External/Stylized Water For URP/Textures/Foam/Foam 2.png
  artifactKey: Guid(fcabffd57a8d737448ad0269a9d3092d) Importer(815301076,1909f56bfc062723c751e8b465ee728b)
Start importing Assets/External/Stylized Water For URP/Textures/Foam/Foam 2.png using Guid(fcabffd57a8d737448ad0269a9d3092d) Importer(815301076,1909f56bfc062723c751e8b465ee728b)  -> (artifact id: 'c16178e6826994d575a188c9c7253740') in 0.016211 seconds 
========================================================================
Received Import Request.
  Time since last request: 0.000028 seconds.
  path: Assets/External/Stylized Water For URP/Textures/Foam/Foam 3.png
  artifactKey: Guid(86ed7ce9e52fd71459c3ce9ac144d310) Importer(815301076,1909f56bfc062723c751e8b465ee728b)
Start importing Assets/External/Stylized Water For URP/Textures/Foam/Foam 3.png using Guid(86ed7ce9e52fd71459c3ce9ac144d310) Importer(815301076,1909f56bfc062723c751e8b465ee728b)  -> (artifact id: 'c2c425dea4152918570357355320e3d6') in 0.019004 seconds 
========================================================================
Received Import Request.
  Time since last request: 0.122006 seconds.
  path: Assets/External/Stylized Water For URP/Scripts/UI/Resources/Icons/Discord.png
  artifactKey: Guid(be1ea077bd3d5fe40bfe76eff7e300e9) Importer(815301076,1909f56bfc062723c751e8b465ee728b)
Start importing Assets/External/Stylized Water For URP/Scripts/UI/Resources/Icons/Discord.png using Guid(be1ea077bd3d5fe40bfe76eff7e300e9) Importer(815301076,1909f56bfc062723c751e8b465ee728b)  -> (artifact id: '3153c9de2626646388736270b2b5b82d') in 0.016218 seconds 
========================================================================
Received Import Request.
  Time since last request: 0.000023 seconds.
  path: Assets/Dust Particles/Textures/dust.png
  artifactKey: Guid(9cf2d915042b8da4ca019dad81942f71) Importer(815301076,1909f56bfc062723c751e8b465ee728b)
Start importing Assets/Dust Particles/Textures/dust.png using Guid(9cf2d915042b8da4ca019dad81942f71) Importer(815301076,1909f56bfc062723c751e8b465ee728b)  -> (artifact id: 'c0649d8894c4d1d5ec5217fe9cf876df') in 0.013671 seconds 
========================================================================
Received Import Request.
  Time since last request: 0.016433 seconds.
  path: Assets/External/Stylized Water For URP/Scripts/UI/Resources/Icons/color.png
  artifactKey: Guid(089cd13dbe5c3fc44a1f238bb33156b7) Importer(815301076,1909f56bfc062723c751e8b465ee728b)
Start importing Assets/External/Stylized Water For URP/Scripts/UI/Resources/Icons/color.png using Guid(089cd13dbe5c3fc44a1f238bb33156b7) Importer(815301076,1909f56bfc062723c751e8b465ee728b)  -> (artifact id: 'de3255355627df0e3c85bac04a06df7e') in 0.015434 seconds 
========================================================================
Received Import Request.
  Time since last request: 0.051869 seconds.
  path: Assets/External/Stylized Water For URP/Textures/Caustics/Caustics 2.png
  artifactKey: Guid(9d52c8f4a571dce409356fdb189e8a3c) Importer(815301076,1909f56bfc062723c751e8b465ee728b)
Start importing Assets/External/Stylized Water For URP/Textures/Caustics/Caustics 2.png using Guid(9d52c8f4a571dce409356fdb189e8a3c) Importer(815301076,1909f56bfc062723c751e8b465ee728b)  -> (artifact id: 'd2cae13d6c3ee2af36e5f7192177f2a2') in 0.019546 seconds 
========================================================================
Received Import Request.
  Time since last request: 0.125928 seconds.
  path: Assets/External/BOXOPHOBIC/Utils/Editor/Resources/Boxophobic - Logo.png
  artifactKey: Guid(4ebb9926546381046a4271ece54ce919) Importer(815301076,1909f56bfc062723c751e8b465ee728b)
Start importing Assets/External/BOXOPHOBIC/Utils/Editor/Resources/Boxophobic - Logo.png using Guid(4ebb9926546381046a4271ece54ce919) Importer(815301076,1909f56bfc062723c751e8b465ee728b)  -> (artifact id: 'd11e0c66111ff6d9303843e6a8c52c25') in 0.013478 seconds 
========================================================================
Received Import Request.
  Time since last request: 0.000039 seconds.
  path: Assets/External/Stylized Water For URP/Scripts/UI/Resources/Icons/Caustics.png
  artifactKey: Guid(d49cec1719cda894390301599ba7b88d) Importer(815301076,1909f56bfc062723c751e8b465ee728b)
Start importing Assets/External/Stylized Water For URP/Scripts/UI/Resources/Icons/Caustics.png using Guid(d49cec1719cda894390301599ba7b88d) Importer(815301076,1909f56bfc062723c751e8b465ee728b)  -> (artifact id: 'c0fc2fc08063744b9a58ebdb48c9b547') in 0.017014 seconds 
========================================================================
Received Import Request.
  Time since last request: 0.000023 seconds.
  path: Assets/External/BOXOPHOBIC/Utils/Editor/Resources/Boxophobic - IconEdit.psd
  artifactKey: Guid(cf593cb3310b7784a8f0967b8ba89b02) Importer(815301076,1909f56bfc062723c751e8b465ee728b)
Start importing Assets/External/BOXOPHOBIC/Utils/Editor/Resources/Boxophobic - IconEdit.psd using Guid(cf593cb3310b7784a8f0967b8ba89b02) Importer(815301076,1909f56bfc062723c751e8b465ee728b)  -> (artifact id: '71eda0bca8ab3e7e367d83c288aa44e7') in 0.017905 seconds 
========================================================================
Received Import Request.
  Time since last request: 0.030677 seconds.
  path: Assets/External/BOXOPHOBIC/Utils/Editor/Resources/Boxophobic - BannerMiddle.psd
  artifactKey: Guid(e3767adfa5dac5544830cd097ef6c09f) Importer(815301076,1909f56bfc062723c751e8b465ee728b)
Start importing Assets/External/BOXOPHOBIC/Utils/Editor/Resources/Boxophobic - BannerMiddle.psd using Guid(e3767adfa5dac5544830cd097ef6c09f) Importer(815301076,1909f56bfc062723c751e8b465ee728b)  -> (artifact id: '9d26c3ffc040b2707d0ec2d2dcd4ac6f') in 0.014067 seconds 
========================================================================
Received Import Request.
  Time since last request: 0.127352 seconds.
  path: Assets/External/BOXOPHOBIC/Utils/Editor/Resources/Boxophobic - BannerBegin.psd
  artifactKey: Guid(9515108b8376ad7418e8138858201b72) Importer(815301076,1909f56bfc062723c751e8b465ee728b)
Start importing Assets/External/BOXOPHOBIC/Utils/Editor/Resources/Boxophobic - BannerBegin.psd using Guid(9515108b8376ad7418e8138858201b72) Importer(815301076,1909f56bfc062723c751e8b465ee728b)  -> (artifact id: '1e90f69a94c8c2a368ae76b224057ccf') in 0.015178 seconds 
Editor requested this worker to shutdown with reason: Scaling down because of idle timeout
AssetImportWorker is now disconnected from the server
Process exiting
Exiting without the bug reporter. Application will terminate with return code 0