Using pre-set license
Built from '2021.2/staging' branch; Version is '2021.2.8f1 (d0e5f0a7b06a) revision 13690352'; Using compiler version '192829333'; Build Type 'Release'
OS: 'Windows 10  (10.0.19042) 64bit Core' Language: 'en' Physical Memory: 32585 MB
BatchMode: 1, IsHumanControllingUs: 0, StartBugReporterOnCrash: 0, Is64bit: 1, IsPro: 0

COMMAND LINE ARGUMENTS:
C:\Program Files\Unity\Hub\Editor\2021.2.8f1\Editor\Unity.exe
-adb2
-batchMode
-noUpm
-name
AssetImportWorker2
-projectPath
C:/Users/marco/FILES/Projects/Personal/VR/Metaverse Adverts/u_MetaverseAdverts/MetaverseAdverts
-logFile
Logs/AssetImportWorker2.log
-srvPort
50056
Successfully changed project path to: C:/Users/marco/FILES/Projects/Personal/VR/Metaverse Adverts/u_MetaverseAdverts/MetaverseAdverts
C:/Users/marco/FILES/Projects/Personal/VR/Metaverse Adverts/u_MetaverseAdverts/MetaverseAdverts
[UnityMemory] Configuration Parameters - Can be set up in boot.config
    "memorysetup-bucket-allocator-granularity=16"
    "memorysetup-bucket-allocator-bucket-count=8"
    "memorysetup-bucket-allocator-block-size=33554432"
    "memorysetup-bucket-allocator-block-count=8"
    "memorysetup-main-allocator-block-size=16777216"
    "memorysetup-thread-allocator-block-size=16777216"
    "memorysetup-gfx-main-allocator-block-size=16777216"
    "memorysetup-gfx-thread-allocator-block-size=16777216"
    "memorysetup-cache-allocator-block-size=4194304"
    "memorysetup-typetree-allocator-block-size=2097152"
    "memorysetup-profiler-bucket-allocator-granularity=16"
    "memorysetup-profiler-bucket-allocator-bucket-count=8"
    "memorysetup-profiler-bucket-allocator-block-size=33554432"
    "memorysetup-profiler-bucket-allocator-block-count=8"
    "memorysetup-profiler-allocator-block-size=16777216"
    "memorysetup-profiler-editor-allocator-block-size=1048576"
    "memorysetup-temp-allocator-size-main=16777216"
    "memorysetup-job-temp-allocator-block-size=2097152"
    "memorysetup-job-temp-allocator-block-size-background=1048576"
    "memorysetup-job-temp-allocator-reduction-small-platforms=262144"
    "memorysetup-temp-allocator-size-background-worker=32768"
    "memorysetup-temp-allocator-size-job-worker=262144"
    "memorysetup-temp-allocator-size-preload-manager=33554432"
    "memorysetup-temp-allocator-size-nav-mesh-worker=65536"
    "memorysetup-temp-allocator-size-audio-worker=65536"
    "memorysetup-temp-allocator-size-cloud-worker=32768"
    "memorysetup-temp-allocator-size-gi-baking-worker=262144"
    "memorysetup-temp-allocator-size-gfx=262144"
Refreshing native plugins compatible for Editor in 197.58 ms, found 11 plugins.
Preloading 0 native plugins for Editor in 0.00 ms.
Initialize engine version: 2021.2.8f1 (d0e5f0a7b06a)
[Subsystems] Discovering subsystems at path C:/Program Files/Unity/Hub/Editor/2021.2.8f1/Editor/Data/Resources/UnitySubsystems
[Subsystems] Discovering subsystems at path C:/Users/marco/FILES/Projects/Personal/VR/Metaverse Adverts/u_MetaverseAdverts/MetaverseAdverts/Assets
GfxDevice: creating device client; threaded=0; jobified=0
Direct3D:
    Version:  Direct3D 11.0 [level 11.1]
    Renderer: NVIDIA GeForce RTX 2060 (ID=0x1f15)
    Vendor:   NVIDIA
    VRAM:     5980 MB
    Driver:   27.21.14.6089
Initialize mono
Mono path[0] = 'C:/Program Files/Unity/Hub/Editor/2021.2.8f1/Editor/Data/Managed'
Mono path[1] = 'C:/Program Files/Unity/Hub/Editor/2021.2.8f1/Editor/Data/MonoBleedingEdge/lib/mono/unityjit-win32'
Mono config path = 'C:/Program Files/Unity/Hub/Editor/2021.2.8f1/Editor/Data/MonoBleedingEdge/etc'
Using monoOptions --debugger-agent=transport=dt_socket,embedding=1,server=y,suspend=n,address=127.0.0.1:56656
Begin MonoManager ReloadAssembly
Registering precompiled unity dll's ...
Register platform support module: C:/Program Files/Unity/Hub/Editor/2021.2.8f1/Editor/Data/PlaybackEngines/WindowsStandaloneSupport/UnityEditor.WindowsStandalone.Extensions.dll
Registered in 0.009886 seconds.
Native extension for WindowsStandalone target not found
Refreshing native plugins compatible for Editor in 173.32 ms, found 11 plugins.
Preloading 0 native plugins for Editor in 0.00 ms.
Mono: successfully reloaded assembly
- Completed reload, in  0.887 seconds
Domain Reload Profiling:
	ReloadAssembly (888ms)
		BeginReloadAssembly (99ms)
			ExecutionOrderSort (0ms)
			DisableScriptedObjects (0ms)
			BackupInstance (0ms)
			ReleaseScriptingObjects (0ms)
			CreateAndSetChildDomain (1ms)
		EndReloadAssembly (683ms)
			LoadAssemblies (97ms)
			RebuildTransferFunctionScriptingTraits (0ms)
			SetupTypeCache (136ms)
			ReleaseScriptCaches (0ms)
			RebuildScriptCaches (38ms)
			SetupLoadedEditorAssemblies (437ms)
				LogAssemblyErrors (0ms)
				InitializePlatformSupportModulesInManaged (19ms)
				SetLoadedEditorAssemblies (0ms)
				RefreshPlugins (173ms)
				BeforeProcessingInitializeOnLoad (1ms)
				ProcessInitializeOnLoadAttributes (179ms)
				ProcessInitializeOnLoadMethodAttributes (64ms)
				AfterProcessingInitializeOnLoad (0ms)
				EditorAssembliesLoaded (0ms)
			ExecutionOrderSort2 (0ms)
			AwakeInstancesAfterBackupRestoration (0ms)
Platform modules already initialized, skipping
Registering precompiled user dll's ...
Registered in 0.017023 seconds.
Begin MonoManager ReloadAssembly
Symbol file LoadedFromMemory doesn't match image C:\Users\marco\FILES\Projects\Personal\VR\Metaverse Adverts\u_MetaverseAdverts\MetaverseAdverts\Library\PackageCache\com.unity.visualscripting@1.7.6\Editor\VisualScripting.Core\Dependencies\DotNetZip\Unity.VisualScripting.IonicZip.dll
Symbol file LoadedFromMemory doesn't match image C:\Users\marco\FILES\Projects\Personal\VR\Metaverse Adverts\u_MetaverseAdverts\MetaverseAdverts\Library\PackageCache\com.unity.visualscripting@1.7.6\Editor\VisualScripting.Core\Dependencies\YamlDotNet\Unity.VisualScripting.YamlDotNet.dll
Native extension for WindowsStandalone target not found
Refreshing native plugins compatible for Editor in 177.79 ms, found 11 plugins.
Preloading 0 native plugins for Editor in 0.00 ms.
Package Manager log level set to [2]
Mono: successfully reloaded assembly
- Completed reload, in  2.743 seconds
Domain Reload Profiling:
	ReloadAssembly (2744ms)
		BeginReloadAssembly (146ms)
			ExecutionOrderSort (0ms)
			DisableScriptedObjects (6ms)
			BackupInstance (0ms)
			ReleaseScriptingObjects (0ms)
			CreateAndSetChildDomain (28ms)
		EndReloadAssembly (2467ms)
			LoadAssemblies (130ms)
			RebuildTransferFunctionScriptingTraits (0ms)
			SetupTypeCache (464ms)
			ReleaseScriptCaches (1ms)
			RebuildScriptCaches (144ms)
			SetupLoadedEditorAssemblies (1666ms)
				LogAssemblyErrors (0ms)
				InitializePlatformSupportModulesInManaged (13ms)
				SetLoadedEditorAssemblies (0ms)
				RefreshPlugins (178ms)
				BeforeProcessingInitializeOnLoad (205ms)
				ProcessInitializeOnLoadAttributes (1161ms)
				ProcessInitializeOnLoadMethodAttributes (99ms)
				AfterProcessingInitializeOnLoad (10ms)
				EditorAssembliesLoaded (1ms)
			ExecutionOrderSort2 (0ms)
			AwakeInstancesAfterBackupRestoration (7ms)
Platform modules already initialized, skipping
========================================================================
Worker process is ready to serve import requests
Launched and connected shader compiler UnityShaderCompiler.exe after 0.05 seconds
Refreshing native plugins compatible for Editor in 3.50 ms, found 11 plugins.
Preloading 0 native plugins for Editor in 0.00 ms.
Unloading 7029 Unused Serialized files (Serialized files now loaded: 0)
Unloading 59 unused Assets / (1.2 MB). Loaded Objects now: 7477.
Memory consumption went from 297.2 MB to 296.0 MB.
Total: 7.372500 ms (FindLiveObjects: 0.728300 ms CreateObjectMapping: 0.807500 ms MarkObjects: 5.326000 ms  DeleteObjects: 0.508300 ms)

AssetImportParameters requested are different than current active one (requested -> active):
  custom:video-decoder-ogg-theora: a1e56fd34408186e4bbccfd4996cb3dc -> 
  custom:container-muxer-webm: aa71ff27fc2769a1b78a27578f13a17b -> 
  custom:container-demuxer-webm: 4f35f7cbe854078d1ac9338744f61a02 -> 
  custom:video-encoder-webm-vp8: eb34c28f22e8b96e1ab97ce403110664 -> 
  custom:audio-encoder-webm-vorbis: bf7c407c2cedff20999df2af8eb42d56 -> 
  custom:framework-win-MediaFoundation: 216162199b28c13a410421893ffa2e32 -> 
  custom:container-demuxer-ogg: 62fdf1f143b41e24485cea50d1cbac27 -> 
  custom:video-decoder-webm-vp8: 9c59270c3fd7afecdb556c50c9e8de78 -> 
  custom:audio-decoder-ogg-vorbis: bf7c407c2cedff20999df2af8eb42d56 -> 
========================================================================
Received Import Request.
  Time since last request: 560896.309247 seconds.
  path: Assets/VFX/Recticle.vfx
  artifactKey: Guid(8c67de1510e79d5478f712a5acd6fc29) Importer(815301076,1909f56bfc062723c751e8b465ee728b)
Start importing Assets/VFX/Recticle.vfx using Guid(8c67de1510e79d5478f712a5acd6fc29) Importer(815301076,1909f56bfc062723c751e8b465ee728b) Attempting to get Camera relative temporary RenderTexture (width || height <= 0) via a CommandBuffer  in a Sriptable Render Pipeline.
UnityEngine.StackTraceUtility:ExtractStackTrace ()
UnityEngine.Rendering.ScriptableRenderContext:ExecuteCommandBuffer_Internal (UnityEngine.Rendering.CommandBuffer)
UnityEngine.Rendering.ScriptableRenderContext:ExecuteCommandBuffer (UnityEngine.Rendering.CommandBuffer)
UnityEngine.Rendering.Universal.Internal.CopyColorPass:Execute (UnityEngine.Rendering.ScriptableRenderContext,UnityEngine.Rendering.Universal.RenderingData&) (at Library/PackageCache/com.unity.render-pipelines.universal@12.1.3/Runtime/Passes/CopyColorPass.cs:111)
UnityEngine.Rendering.Universal.ScriptableRenderer:ExecuteRenderPass (UnityEngine.Rendering.ScriptableRenderContext,UnityEngine.Rendering.Universal.ScriptableRenderPass,UnityEngine.Rendering.Universal.RenderingData&) (at Library/PackageCache/com.unity.render-pipelines.universal@12.1.3/Runtime/ScriptableRenderer.cs:966)
UnityEngine.Rendering.Universal.ScriptableRenderer:ExecuteBlock (int,UnityEngine.Rendering.Universal.ScriptableRenderer/RenderBlocks&,UnityEngine.Rendering.ScriptableRenderContext,UnityEngine.Rendering.Universal.RenderingData&,bool) (at Library/PackageCache/com.unity.render-pipelines.universal@12.1.3/Runtime/ScriptableRenderer.cs:925)
UnityEngine.Rendering.Universal.ScriptableRenderer:Execute (UnityEngine.Rendering.ScriptableRenderContext,UnityEngine.Rendering.Universal.RenderingData&) (at Library/PackageCache/com.unity.render-pipelines.universal@12.1.3/Runtime/ScriptableRenderer.cs:729)
UnityEngine.Rendering.Universal.UniversalRenderPipeline:RenderSingleCamera (UnityEngine.Rendering.ScriptableRenderContext,UnityEngine.Rendering.Universal.CameraData,bool) (at Library/PackageCache/com.unity.render-pipelines.universal@12.1.3/Runtime/UniversalRenderPipeline.cs:414)
UnityEngine.Rendering.Universal.UniversalRenderPipeline:RenderSingleCamera (UnityEngine.Rendering.ScriptableRenderContext,UnityEngine.Camera) (at Library/PackageCache/com.unity.render-pipelines.universal@12.1.3/Runtime/UniversalRenderPipeline.cs:323)
UnityEngine.Rendering.Universal.UniversalRenderPipeline:Render (UnityEngine.Rendering.ScriptableRenderContext,System.Collections.Generic.List`1<UnityEngine.Camera>) (at Library/PackageCache/com.unity.render-pipelines.universal@12.1.3/Runtime/UniversalRenderPipeline.cs:278)
UnityEngine.Rendering.RenderPipeline:InternalRender (UnityEngine.Rendering.ScriptableRenderContext,System.Collections.Generic.List`1<UnityEngine.Camera>)
UnityEngine.Rendering.RenderPipelineManager:DoRenderLoop_Internal (UnityEngine.Rendering.RenderPipelineAsset,intptr,System.Collections.Generic.List`1<UnityEngine.Camera/RenderRequest>,Unity.Collections.LowLevel.Unsafe.AtomicSafetyHandle)
UnityEditor.PreviewRenderUtility:Render (bool,bool)
UnityEditor.MaterialEditor:DoRenderPreview (UnityEditor.PreviewRenderUtility,bool)
UnityEditor.MaterialEditor:RenderStaticPreview (string,UnityEngine.Object[],int,int)
UnityEditor.AssetPreviewUpdater:CreatePreview (UnityEngine.Object,UnityEngine.Object[],string,int,int)
UnityEditor.AssetPreviewUpdater:CreatePreviewForAsset (UnityEngine.Object,UnityEngine.Object[],string)

[ line 0]

Trying to get RenderBuffer with invalid antiAliasing (must be at least 1)
UnityEngine.StackTraceUtility:ExtractStackTrace ()
UnityEngine.Rendering.ScriptableRenderContext:Submit_Internal ()
UnityEngine.Rendering.ScriptableRenderContext:Submit ()
UnityEngine.Rendering.Universal.UniversalRenderPipeline:RenderSingleCamera (UnityEngine.Rendering.ScriptableRenderContext,UnityEngine.Rendering.Universal.CameraData,bool) (at Library/PackageCache/com.unity.render-pipelines.universal@12.1.3/Runtime/UniversalRenderPipeline.cs:430)
UnityEngine.Rendering.Universal.UniversalRenderPipeline:RenderSingleCamera (UnityEngine.Rendering.ScriptableRenderContext,UnityEngine.Camera) (at Library/PackageCache/com.unity.render-pipelines.universal@12.1.3/Runtime/UniversalRenderPipeline.cs:323)
UnityEngine.Rendering.Universal.UniversalRenderPipeline:Render (UnityEngine.Rendering.ScriptableRenderContext,System.Collections.Generic.List`1<UnityEngine.Camera>) (at Library/PackageCache/com.unity.render-pipelines.universal@12.1.3/Runtime/UniversalRenderPipeline.cs:278)
UnityEngine.Rendering.RenderPipeline:InternalRender (UnityEngine.Rendering.ScriptableRenderContext,System.Collections.Generic.List`1<UnityEngine.Camera>)
UnityEngine.Rendering.RenderPipelineManager:DoRenderLoop_Internal (UnityEngine.Rendering.RenderPipelineAsset,intptr,System.Collections.Generic.List`1<UnityEngine.Camera/RenderRequest>,Unity.Collections.LowLevel.Unsafe.AtomicSafetyHandle)
UnityEditor.PreviewRenderUtility:Render (bool,bool)
UnityEditor.MaterialEditor:DoRenderPreview (UnityEditor.PreviewRenderUtility,bool)
UnityEditor.MaterialEditor:RenderStaticPreview (string,UnityEngine.Object[],int,int)
UnityEditor.AssetPreviewUpdater:CreatePreview (UnityEngine.Object,UnityEngine.Object[],string,int,int)
UnityEditor.AssetPreviewUpdater:CreatePreviewForAsset (UnityEngine.Object,UnityEngine.Object[],string)

[C:\buildslave\unity\build\Runtime\Graphics\RenderBufferManager.cpp line 180]

Trying to get RenderBuffer with invalid antiAliasing (must be at least 1)
UnityEngine.StackTraceUtility:ExtractStackTrace ()
UnityEngine.Rendering.ScriptableRenderContext:Submit_Internal ()
UnityEngine.Rendering.ScriptableRenderContext:Submit ()
UnityEngine.Rendering.Universal.UniversalRenderPipeline:RenderSingleCamera (UnityEngine.Rendering.ScriptableRenderContext,UnityEngine.Rendering.Universal.CameraData,bool) (at Library/PackageCache/com.unity.render-pipelines.universal@12.1.3/Runtime/UniversalRenderPipeline.cs:430)
UnityEngine.Rendering.Universal.UniversalRenderPipeline:RenderSingleCamera (UnityEngine.Rendering.ScriptableRenderContext,UnityEngine.Camera) (at Library/PackageCache/com.unity.render-pipelines.universal@12.1.3/Runtime/UniversalRenderPipeline.cs:323)
UnityEngine.Rendering.Universal.UniversalRenderPipeline:Render (UnityEngine.Rendering.ScriptableRenderContext,System.Collections.Generic.List`1<UnityEngine.Camera>) (at Library/PackageCache/com.unity.render-pipelines.universal@12.1.3/Runtime/UniversalRenderPipeline.cs:278)
UnityEngine.Rendering.RenderPipeline:InternalRender (UnityEngine.Rendering.ScriptableRenderContext,System.Collections.Generic.List`1<UnityEngine.Camera>)
UnityEngine.Rendering.RenderPipelineManager:DoRenderLoop_Internal (UnityEngine.Rendering.RenderPipelineAsset,intptr,System.Collections.Generic.List`1<UnityEngine.Camera/RenderRequest>,Unity.Collections.LowLevel.Unsafe.AtomicSafetyHandle)
UnityEditor.PreviewRenderUtility:Render (bool,bool)
UnityEditor.MaterialEditor:DoRenderPreview (UnityEditor.PreviewRenderUtility,bool)
UnityEditor.MaterialEditor:RenderStaticPreview (string,UnityEngine.Object[],int,int)
UnityEditor.AssetPreviewUpdater:CreatePreview (UnityEngine.Object,UnityEngine.Object[],string,int,int)
UnityEditor.AssetPreviewUpdater:CreatePreviewForAsset (UnityEngine.Object,UnityEngine.Object[],string)

[C:\buildslave\unity\build\Runtime\Graphics\RenderBufferManager.cpp line 180]

 -> (artifact id: '0c1b45a11cd9671506a85ac7adce09df') in 0.703513 seconds 
========================================================================
Received Import Request.
  Time since last request: 5.404525 seconds.
  path: Assets/VFX/Recticle.vfx
  artifactKey: Guid(8c67de1510e79d5478f712a5acd6fc29) Importer(815301076,1909f56bfc062723c751e8b465ee728b)
Start importing Assets/VFX/Recticle.vfx using Guid(8c67de1510e79d5478f712a5acd6fc29) Importer(815301076,1909f56bfc062723c751e8b465ee728b)  -> (artifact id: '8b629455420461b80ee2ecef85058442') in 0.016376 seconds 
========================================================================
Received Import Request.
  Time since last request: 3.407329 seconds.
  path: Assets/VFX/Recticle.vfx
  artifactKey: Guid(8c67de1510e79d5478f712a5acd6fc29) Importer(815301076,1909f56bfc062723c751e8b465ee728b)
Start importing Assets/VFX/Recticle.vfx using Guid(8c67de1510e79d5478f712a5acd6fc29) Importer(815301076,1909f56bfc062723c751e8b465ee728b)  -> (artifact id: 'e6626d706f50d50ebc2c01fcafdc0ce5') in 0.016148 seconds 
========================================================================
Received Import Request.
  Time since last request: 33.943437 seconds.
  path: Assets/VFX/Recticle.vfx
  artifactKey: Guid(8c67de1510e79d5478f712a5acd6fc29) Importer(815301076,1909f56bfc062723c751e8b465ee728b)
Start importing Assets/VFX/Recticle.vfx using Guid(8c67de1510e79d5478f712a5acd6fc29) Importer(815301076,1909f56bfc062723c751e8b465ee728b)  -> (artifact id: '84b5689ddcb0710af06958fd1da54617') in 0.015403 seconds 
========================================================================
Received Import Request.
  Time since last request: 41.901746 seconds.
  path: Packages/com.unity.visualeffectgraph/Textures/DefaultParticle.tga
  artifactKey: Guid(276d9e395ae18fe40a9b4988549f2349) Importer(815301076,1909f56bfc062723c751e8b465ee728b)
Start importing Packages/com.unity.visualeffectgraph/Textures/DefaultParticle.tga using Guid(276d9e395ae18fe40a9b4988549f2349) Importer(815301076,1909f56bfc062723c751e8b465ee728b)  -> (artifact id: 'ebe405dd628cef05ab1dbc4ae3582257') in 0.031062 seconds 
========================================================================
Received Import Request.
  Time since last request: 0.000086 seconds.
  path: Packages/com.unity.visualeffectgraph/Textures/Sparkle.tga
  artifactKey: Guid(49cb5aa34272b034d8b754c65d9cdbfa) Importer(815301076,1909f56bfc062723c751e8b465ee728b)
Start importing Packages/com.unity.visualeffectgraph/Textures/Sparkle.tga using Guid(49cb5aa34272b034d8b754c65d9cdbfa) Importer(815301076,1909f56bfc062723c751e8b465ee728b)  -> (artifact id: '917cda088bf6409195c87ce4188c8f37') in 0.013690 seconds 
========================================================================
Received Import Request.
  Time since last request: 0.476855 seconds.
  path: Packages/com.unity.render-pipelines.universal/Editor/Decal/Resources/DecalGizmo.png
  artifactKey: Guid(9ba98ca4f0fc0754caca09e38af0cc0a) Importer(815301076,1909f56bfc062723c751e8b465ee728b)
Start importing Packages/com.unity.render-pipelines.universal/Editor/Decal/Resources/DecalGizmo.png using Guid(9ba98ca4f0fc0754caca09e38af0cc0a) Importer(815301076,1909f56bfc062723c751e8b465ee728b)  -> (artifact id: '42f19b30872f135d380df57c5be54892') in 0.026140 seconds 
========================================================================
Received Import Request.
  Time since last request: 0.000030 seconds.
  path: Packages/com.unity.collab-proxy/Editor/Collaborate/Assets/Icons/diff-dark.png
  artifactKey: Guid(06bb2a7fb040987409dae109d185de22) Importer(815301076,1909f56bfc062723c751e8b465ee728b)
Start importing Packages/com.unity.collab-proxy/Editor/Collaborate/Assets/Icons/diff-dark.png using Guid(06bb2a7fb040987409dae109d185de22) Importer(815301076,1909f56bfc062723c751e8b465ee728b)  -> (artifact id: '7dadfb0cf4e69bfecddea069ebd621e8') in 0.016117 seconds 
========================================================================
Received Import Request.
  Time since last request: 0.000042 seconds.
  path: Packages/com.unity.collab-proxy/Editor/Collaborate/Assets/Icons/deleted-file-dark.png
  artifactKey: Guid(ce3ca6a541b5fbc4c80edb5195d78731) Importer(815301076,1909f56bfc062723c751e8b465ee728b)
Start importing Packages/com.unity.collab-proxy/Editor/Collaborate/Assets/Icons/deleted-file-dark.png using Guid(ce3ca6a541b5fbc4c80edb5195d78731) Importer(815301076,1909f56bfc062723c751e8b465ee728b)  -> (artifact id: '9f04bdc3df0abbafd338e05709b94342') in 0.018265 seconds 
========================================================================
Received Import Request.
  Time since last request: 0.000061 seconds.
  path: Packages/com.unity.collab-proxy/Editor/Collaborate/Assets/Icons/deleted-file-light@2x.png
  artifactKey: Guid(f1c735dde115d4f4c9ff5c633f07fbb8) Importer(815301076,1909f56bfc062723c751e8b465ee728b)
Start importing Packages/com.unity.collab-proxy/Editor/Collaborate/Assets/Icons/deleted-file-light@2x.png using Guid(f1c735dde115d4f4c9ff5c633f07fbb8) Importer(815301076,1909f56bfc062723c751e8b465ee728b)  -> (artifact id: '117273494ff12de5209b7b57989e53f2') in 0.017100 seconds 
========================================================================
Received Import Request.
  Time since last request: 0.000047 seconds.
  path: Packages/com.unity.collab-proxy/Editor/Collaborate/Assets/Icons/deleted-file-light.png
  artifactKey: Guid(bb678af880b2dd74cbd76186590c66da) Importer(815301076,1909f56bfc062723c751e8b465ee728b)
Start importing Packages/com.unity.collab-proxy/Editor/Collaborate/Assets/Icons/deleted-file-light.png using Guid(bb678af880b2dd74cbd76186590c66da) Importer(815301076,1909f56bfc062723c751e8b465ee728b)  -> (artifact id: '7068ee08ab507831c2ecd9c6262591db') in 0.016364 seconds 
========================================================================
Received Import Request.
  Time since last request: 2.267812 seconds.
  path: Packages/com.unity.render-pipelines.core/Editor/Lighting/Icons/LightUnitIcons/DirectSunlight.png
  artifactKey: Guid(863ef838c25e51b4790fd6ac881ba895) Importer(815301076,1909f56bfc062723c751e8b465ee728b)
Start importing Packages/com.unity.render-pipelines.core/Editor/Lighting/Icons/LightUnitIcons/DirectSunlight.png using Guid(863ef838c25e51b4790fd6ac881ba895) Importer(815301076,1909f56bfc062723c751e8b465ee728b)  -> (artifact id: '5ed899477962d4582731716a9b6dfdb2') in 0.016120 seconds 
========================================================================
Received Import Request.
  Time since last request: 0.000081 seconds.
  path: Packages/com.unity.probuilder/Content/Icons/Tools/ShapeTool/Door.png
  artifactKey: Guid(2aae95362d9092446b7e52e5eef542f7) Importer(815301076,1909f56bfc062723c751e8b465ee728b)
Start importing Packages/com.unity.probuilder/Content/Icons/Tools/ShapeTool/Door.png using Guid(2aae95362d9092446b7e52e5eef542f7) Importer(815301076,1909f56bfc062723c751e8b465ee728b)  -> (artifact id: '39aa19c1d72f01dd5c1dc920839ca23b') in 0.016755 seconds 
========================================================================
Received Import Request.
  Time since last request: 0.352303 seconds.
  path: Packages/com.unity.probuilder/Content/Icons/Tools/ShapeTool/Door@2x.png
  artifactKey: Guid(0dc0c708f5d18c845b2c60321e211f3f) Importer(815301076,1909f56bfc062723c751e8b465ee728b)
Start importing Packages/com.unity.probuilder/Content/Icons/Tools/ShapeTool/Door@2x.png using Guid(0dc0c708f5d18c845b2c60321e211f3f) Importer(815301076,1909f56bfc062723c751e8b465ee728b)  -> (artifact id: '25ba1b8d86ef40ed0a8c6fbc66aba27b') in 0.047900 seconds 
========================================================================
Received Import Request.
  Time since last request: 0.000036 seconds.
  path: Packages/com.unity.probuilder/Content/Icons/Tools/ShapeTool/Door_Light.png
  artifactKey: Guid(93181b6a40269b74ba04b4e951439a45) Importer(815301076,1909f56bfc062723c751e8b465ee728b)
Start importing Packages/com.unity.probuilder/Content/Icons/Tools/ShapeTool/Door_Light.png using Guid(93181b6a40269b74ba04b4e951439a45) Importer(815301076,1909f56bfc062723c751e8b465ee728b)  -> (artifact id: '26365a620c4a4719c438ea6d52289432') in 0.014059 seconds 
========================================================================
Received Import Request.
  Time since last request: 0.000044 seconds.
  path: Packages/com.unity.render-pipelines.core/Editor/Lighting/Icons/DownSnatch.png
  artifactKey: Guid(f4efccbcc00042141b8f7f63392439b5) Importer(815301076,1909f56bfc062723c751e8b465ee728b)
Start importing Packages/com.unity.render-pipelines.core/Editor/Lighting/Icons/DownSnatch.png using Guid(f4efccbcc00042141b8f7f63392439b5) Importer(815301076,1909f56bfc062723c751e8b465ee728b)  -> (artifact id: '0f67bf6c2a5e12aa40f6362f1e83393f') in 0.015821 seconds 
========================================================================
Received Import Request.
  Time since last request: 0.229794 seconds.
  path: Packages/com.unity.inputsystem/InputSystem/Editor/Icons/Dpad.png
  artifactKey: Guid(e76f0489d4db34a2fbc3532e07f2848a) Importer(815301076,1909f56bfc062723c751e8b465ee728b)
Start importing Packages/com.unity.inputsystem/InputSystem/Editor/Icons/Dpad.png using Guid(e76f0489d4db34a2fbc3532e07f2848a) Importer(815301076,1909f56bfc062723c751e8b465ee728b)  -> (artifact id: 'a099f4be35ca840dba9998a1b30351e2') in 0.018141 seconds 
========================================================================
Received Import Request.
  Time since last request: 0.000050 seconds.
  path: Packages/com.unity.render-pipelines.core/Editor/LookDev/Icons/Duplicate@2x.png
  artifactKey: Guid(91ffd37b0545bf6448f8d937736130a1) Importer(815301076,1909f56bfc062723c751e8b465ee728b)
Start importing Packages/com.unity.render-pipelines.core/Editor/LookDev/Icons/Duplicate@2x.png using Guid(91ffd37b0545bf6448f8d937736130a1) Importer(815301076,1909f56bfc062723c751e8b465ee728b)  -> (artifact id: 'd71f86f567fd539315942a268051af94') in 0.032891 seconds 
========================================================================
Received Import Request.
  Time since last request: 0.000026 seconds.
  path: Packages/com.unity.inputsystem/InputSystem/Editor/Icons/Dpad@4x.png
  artifactKey: Guid(d7073cfe15a1a48bfb7ff59225052484) Importer(815301076,1909f56bfc062723c751e8b465ee728b)
Start importing Packages/com.unity.inputsystem/InputSystem/Editor/Icons/Dpad@4x.png using Guid(d7073cfe15a1a48bfb7ff59225052484) Importer(815301076,1909f56bfc062723c751e8b465ee728b)  -> (artifact id: 'eb91687cfa6b52e235e4fb7de66e5ce0') in 0.014750 seconds 
========================================================================
Received Import Request.
  Time since last request: 0.225551 seconds.
  path: Packages/com.unity.probuilder/Content/Icons/Toolbar/Edge_Bevel.png
  artifactKey: Guid(43dee953c3e16437c905284d61f0b482) Importer(815301076,1909f56bfc062723c751e8b465ee728b)
Start importing Packages/com.unity.probuilder/Content/Icons/Toolbar/Edge_Bevel.png using Guid(43dee953c3e16437c905284d61f0b482) Importer(815301076,1909f56bfc062723c751e8b465ee728b)  -> (artifact id: '3ecb96592d5976186776e79b355de972') in 0.015002 seconds 
========================================================================
Received Import Request.
  Time since last request: 0.000028 seconds.
  path: Packages/com.unity.probuilder/Content/Icons/Toolbar/Edge_Bridge.png
  artifactKey: Guid(249ff8f97942f46bf9c03f603e87df35) Importer(815301076,1909f56bfc062723c751e8b465ee728b)
Start importing Packages/com.unity.probuilder/Content/Icons/Toolbar/Edge_Bridge.png using Guid(249ff8f97942f46bf9c03f603e87df35) Importer(815301076,1909f56bfc062723c751e8b465ee728b)  -> (artifact id: '048f18a56bc6c6ebf0ecd336a94ea41d') in 0.016272 seconds 
========================================================================
Received Import Request.
  Time since last request: 0.000039 seconds.
  path: Packages/com.unity.probuilder/Content/Icons/Toolbar/Edge_Connect.png
  artifactKey: Guid(a8aaa3be9d93e4e979be2cdb9b36c5a7) Importer(815301076,1909f56bfc062723c751e8b465ee728b)
Start importing Packages/com.unity.probuilder/Content/Icons/Toolbar/Edge_Connect.png using Guid(a8aaa3be9d93e4e979be2cdb9b36c5a7) Importer(815301076,1909f56bfc062723c751e8b465ee728b)  -> (artifact id: '10915f9b24e16ce1a561e400e3c56e76') in 0.017886 seconds 
========================================================================
Received Import Request.
  Time since last request: 0.000045 seconds.
  path: Packages/com.unity.probuilder/Content/Icons/Toolbar/Edge_Extrude_disabled.png
  artifactKey: Guid(d9267088ae9cb49389e48118c2a3b389) Importer(815301076,1909f56bfc062723c751e8b465ee728b)
Start importing Packages/com.unity.probuilder/Content/Icons/Toolbar/Edge_Extrude_disabled.png using Guid(d9267088ae9cb49389e48118c2a3b389) Importer(815301076,1909f56bfc062723c751e8b465ee728b)  -> (artifact id: '9218f7c56c605d3aed057f8d1054e1b2') in 0.013253 seconds 
========================================================================
Received Import Request.
  Time since last request: 0.207847 seconds.
  path: Packages/com.unity.probuilder/Content/Icons/Toolbar/Edge_FillHole.png
  artifactKey: Guid(8af90ff5f51264541a5c2a2b24b3d0bf) Importer(815301076,1909f56bfc062723c751e8b465ee728b)
Start importing Packages/com.unity.probuilder/Content/Icons/Toolbar/Edge_FillHole.png using Guid(8af90ff5f51264541a5c2a2b24b3d0bf) Importer(815301076,1909f56bfc062723c751e8b465ee728b)  -> (artifact id: '44277e8ccf89c55f8cd98fbdcf8fb65c') in 0.015005 seconds 
========================================================================
Received Import Request.
  Time since last request: 0.000028 seconds.
  path: Packages/com.unity.probuilder/Content/Icons/Toolbar/Edge_InsertLoop.png
  artifactKey: Guid(c84a11398243f4f019945e198b15e027) Importer(815301076,1909f56bfc062723c751e8b465ee728b)
Start importing Packages/com.unity.probuilder/Content/Icons/Toolbar/Edge_InsertLoop.png using Guid(c84a11398243f4f019945e198b15e027) Importer(815301076,1909f56bfc062723c751e8b465ee728b)  -> (artifact id: 'aca0f0763e2d2c94b5e4ae5d4bc125e4') in 0.013798 seconds 
========================================================================
Received Import Request.
  Time since last request: 0.026012 seconds.
  path: Packages/com.unity.probuilder/Content/Icons/Toolbar/Edge_InsertLoop_disabled.png
  artifactKey: Guid(0c2118973b15a41de89e16923ee7d23d) Importer(815301076,1909f56bfc062723c751e8b465ee728b)
Start importing Packages/com.unity.probuilder/Content/Icons/Toolbar/Edge_InsertLoop_disabled.png using Guid(0c2118973b15a41de89e16923ee7d23d) Importer(815301076,1909f56bfc062723c751e8b465ee728b)  -> (artifact id: '7ffc07bc329f05d71573ebede0d7f7b7') in 0.016423 seconds 
========================================================================
Received Import Request.
  Time since last request: 12.540176 seconds.
  path: Assets/External/Fantasy Forest Environment Free Sample/Textures/grass01_b.tga
  artifactKey: Guid(b69992f31e7145e4ba49aa8118c5541c) Importer(815301076,1909f56bfc062723c751e8b465ee728b)
Start importing Assets/External/Fantasy Forest Environment Free Sample/Textures/grass01_b.tga using Guid(b69992f31e7145e4ba49aa8118c5541c) Importer(815301076,1909f56bfc062723c751e8b465ee728b)  -> (artifact id: 'dab73ea62fc32b5a155c0f1fb7b4c6c6') in 0.020702 seconds 
========================================================================
Received Import Request.
  Time since last request: 0.000027 seconds.
  path: Assets/External/Stylized Water For URP/Scripts/UI/Resources/Icons/Manual.png
  artifactKey: Guid(a81da85df92aa4b45a92bad9df8622b2) Importer(815301076,1909f56bfc062723c751e8b465ee728b)
Start importing Assets/External/Stylized Water For URP/Scripts/UI/Resources/Icons/Manual.png using Guid(a81da85df92aa4b45a92bad9df8622b2) Importer(815301076,1909f56bfc062723c751e8b465ee728b)  -> (artifact id: '47960756ee18fd953ee410ea898cb6a9') in 0.013178 seconds 
========================================================================
Received Import Request.
  Time since last request: 0.025904 seconds.
  path: Assets/External/Stylized Water For URP/Scripts/UI/Resources/Icons/Negative.png
  artifactKey: Guid(eaa5f86c319c9784f9805b7e27d1a796) Importer(815301076,1909f56bfc062723c751e8b465ee728b)
Start importing Assets/External/Stylized Water For URP/Scripts/UI/Resources/Icons/Negative.png using Guid(eaa5f86c319c9784f9805b7e27d1a796) Importer(815301076,1909f56bfc062723c751e8b465ee728b)  -> (artifact id: 'e464cb1c12fc938a0239bd8a427a95d5') in 0.017397 seconds 
========================================================================
Received Import Request.
  Time since last request: 0.000174 seconds.
  path: Assets/External/Stylized Water For URP/Textures/Normals/Normals 1.png
  artifactKey: Guid(a41da5f5671718b47bbc71e9ef691103) Importer(815301076,1909f56bfc062723c751e8b465ee728b)
Start importing Assets/External/Stylized Water For URP/Textures/Normals/Normals 1.png using Guid(a41da5f5671718b47bbc71e9ef691103) Importer(815301076,1909f56bfc062723c751e8b465ee728b)  -> (artifact id: '1a6591a1fe34432cfa11eafc3d0748d5') in 0.035883 seconds 
========================================================================
Received Import Request.
  Time since last request: 0.250949 seconds.
  path: Assets/External/Stylized Water For URP/Textures/Normals/Normals 2.png
  artifactKey: Guid(82cc9f62fd63eb144b3397364af688b2) Importer(815301076,1909f56bfc062723c751e8b465ee728b)
Start importing Assets/External/Stylized Water For URP/Textures/Normals/Normals 2.png using Guid(82cc9f62fd63eb144b3397364af688b2) Importer(815301076,1909f56bfc062723c751e8b465ee728b)  -> (artifact id: '6f73b3f6a2f33dce46ae152242e04c64') in 0.020850 seconds 
========================================================================
Received Import Request.
  Time since last request: 0.023911 seconds.
  path: Assets/External/Stylized Water For URP/Textures/Normals/Normals 5.png
  artifactKey: Guid(bdb620c7bb6658e469cadc832bb58edc) Importer(815301076,1909f56bfc062723c751e8b465ee728b)
Start importing Assets/External/Stylized Water For URP/Textures/Normals/Normals 5.png using Guid(bdb620c7bb6658e469cadc832bb58edc) Importer(815301076,1909f56bfc062723c751e8b465ee728b)  -> (artifact id: 'ed2e7fc221b60530de3d816665fa0ba8') in 0.018437 seconds 
========================================================================
Received Import Request.
  Time since last request: 2.938356 seconds.
  path: Assets/External/Stylized Water For URP/Scripts/UI/Resources/Icons/Positive.png
  artifactKey: Guid(1063cc0ab160f2b4e94bca8fe4a7a252) Importer(815301076,1909f56bfc062723c751e8b465ee728b)
Start importing Assets/External/Stylized Water For URP/Scripts/UI/Resources/Icons/Positive.png using Guid(1063cc0ab160f2b4e94bca8fe4a7a252) Importer(815301076,1909f56bfc062723c751e8b465ee728b)  -> (artifact id: 'a6ce45b5cd53228611f41061e1530906') in 0.017949 seconds 
========================================================================
Received Import Request.
  Time since last request: 0.022924 seconds.
  path: Assets/External/Stylized Water For URP/Scripts/UI/Resources/Icons/Review.png
  artifactKey: Guid(db9b24f3bfb254c4c8c649c8f001a6d5) Importer(815301076,1909f56bfc062723c751e8b465ee728b)
Start importing Assets/External/Stylized Water For URP/Scripts/UI/Resources/Icons/Review.png using Guid(db9b24f3bfb254c4c8c649c8f001a6d5) Importer(815301076,1909f56bfc062723c751e8b465ee728b)  -> (artifact id: '9a70a2b9c7fc64d45090368c09f57120') in 0.013398 seconds 
========================================================================
Received Import Request.
  Time since last request: 14.173405 seconds.
  path: Assets/External/Stylized Water For URP/Scripts/UI/Resources/Icons/StylizedWaterURP.png
  artifactKey: Guid(a70d19752756e9945b82e5c68af7ad93) Importer(815301076,1909f56bfc062723c751e8b465ee728b)
Start importing Assets/External/Stylized Water For URP/Scripts/UI/Resources/Icons/StylizedWaterURP.png using Guid(a70d19752756e9945b82e5c68af7ad93) Importer(815301076,1909f56bfc062723c751e8b465ee728b)  -> (artifact id: '66934e0d36da2ad6b0e4d5a16d601fd4') in 0.016162 seconds 
========================================================================
Received Import Request.
  Time since last request: 0.000073 seconds.
  path: Assets/External/Stylized Water For URP/Scripts/UI/Resources/Icons/Twitter.png
  artifactKey: Guid(ec2d7381c7b698345b136f3f5717505a) Importer(815301076,1909f56bfc062723c751e8b465ee728b)
Start importing Assets/External/Stylized Water For URP/Scripts/UI/Resources/Icons/Twitter.png using Guid(ec2d7381c7b698345b136f3f5717505a) Importer(815301076,1909f56bfc062723c751e8b465ee728b)  -> (artifact id: 'a11c9db02e74d2f5400a7fba1b1e83f2') in 0.015468 seconds 
========================================================================
Received Import Request.
  Time since last request: 1.969485 seconds.
  path: Assets/Scenes/DrinkAdvert/VolumeProfileAsset.png
  artifactKey: Guid(862b3436b9583cf42af64e0b3a2bd947) Importer(815301076,1909f56bfc062723c751e8b465ee728b)
Start importing Assets/Scenes/DrinkAdvert/VolumeProfileAsset.png using Guid(862b3436b9583cf42af64e0b3a2bd947) Importer(815301076,1909f56bfc062723c751e8b465ee728b)  -> (artifact id: '749df12eddad73d08d0dbc0387976618') in 0.017710 seconds 
========================================================================
Received Import Request.
  Time since last request: 46.172379 seconds.
  path: Assets/VFX/Recticle.vfx
  artifactKey: Guid(8c67de1510e79d5478f712a5acd6fc29) Importer(815301076,1909f56bfc062723c751e8b465ee728b)
Start importing Assets/VFX/Recticle.vfx using Guid(8c67de1510e79d5478f712a5acd6fc29) Importer(815301076,1909f56bfc062723c751e8b465ee728b)  -> (artifact id: '74655959ad863efd56c85aa0979eeb1a') in 0.016441 seconds 
========================================================================
Received Import Request.
  Time since last request: 25.770180 seconds.
  path: Assets/VFX/Recticle.vfx
  artifactKey: Guid(8c67de1510e79d5478f712a5acd6fc29) Importer(815301076,1909f56bfc062723c751e8b465ee728b)
Start importing Assets/VFX/Recticle.vfx using Guid(8c67de1510e79d5478f712a5acd6fc29) Importer(815301076,1909f56bfc062723c751e8b465ee728b)  -> (artifact id: '07a58e65155b2620581c20e7376d9293') in 0.014399 seconds 
========================================================================
Received Import Request.
  Time since last request: 5.641116 seconds.
  path: Assets/VFX/Recticle.vfx
  artifactKey: Guid(8c67de1510e79d5478f712a5acd6fc29) Importer(815301076,1909f56bfc062723c751e8b465ee728b)
Start importing Assets/VFX/Recticle.vfx using Guid(8c67de1510e79d5478f712a5acd6fc29) Importer(815301076,1909f56bfc062723c751e8b465ee728b)  -> (artifact id: '3548007838d26af931ef7a6b04d0e847') in 0.015347 seconds 
========================================================================
Received Import Request.
  Time since last request: 3.617975 seconds.
  path: Assets/VFX/Recticle.vfx
  artifactKey: Guid(8c67de1510e79d5478f712a5acd6fc29) Importer(815301076,1909f56bfc062723c751e8b465ee728b)
Start importing Assets/VFX/Recticle.vfx using Guid(8c67de1510e79d5478f712a5acd6fc29) Importer(815301076,1909f56bfc062723c751e8b465ee728b)  -> (artifact id: '8bda3a33e5f077fe1b44a5aed8671a35') in 0.014704 seconds 
========================================================================
Received Import Request.
  Time since last request: 12.359319 seconds.
  path: Assets/VFX/Recticle.vfx
  artifactKey: Guid(8c67de1510e79d5478f712a5acd6fc29) Importer(815301076,1909f56bfc062723c751e8b465ee728b)
Start importing Assets/VFX/Recticle.vfx using Guid(8c67de1510e79d5478f712a5acd6fc29) Importer(815301076,1909f56bfc062723c751e8b465ee728b)  -> (artifact id: '4e416ffe075ecf04a5fc1df1d4546ee8') in 0.014059 seconds 
